\BOOKMARK [0][-]{chapter*.1}{Abstract}{}
\BOOKMARK [0][-]{chapter*.2}{Acknowledgements}{}
\BOOKMARK [0][-]{chapter*.3}{Publications and Presentations}{}
\BOOKMARK [0][-]{chapter*.4}{List of Abbreviations}{}
\BOOKMARK [0][-]{chapter.1}{Introduction}{}
\BOOKMARK [1][-]{section.1.1}{Reseach Goals}{chapter.1}
\BOOKMARK [1][-]{section.1.2}{Research Questions}{chapter.1}
\BOOKMARK [1][-]{section.1.3}{Research Design}{chapter.1}
\BOOKMARK [1][-]{section.1.4}{Scope and Limitations}{chapter.1}
\BOOKMARK [1][-]{section.1.5}{Thesis Structure and Outline}{chapter.1}
\BOOKMARK [0][-]{chapter.2}{Research Framework}{}
\BOOKMARK [1][-]{section.2.1}{Objectives}{chapter.2}
\BOOKMARK [1][-]{section.2.2}{Research Questions}{chapter.2}
\BOOKMARK [1][-]{section.2.3}{Research Approach}{chapter.2}
\BOOKMARK [1][-]{section.2.4}{Summary}{chapter.2}
\BOOKMARK [0][-]{chapter.3}{Background and Related Work}{}
\BOOKMARK [1][-]{section.3.1}{Lifelong Learning in Universities}{chapter.3}
\BOOKMARK [1][-]{section.3.2}{Some Filler}{chapter.3}
\BOOKMARK [1][-]{section.3.3}{SLC}{chapter.3}
\BOOKMARK [1][-]{section.3.4}{Summary}{chapter.3}
\BOOKMARK [0][-]{chapter.4}{Designing Conceptual Model}{}
\BOOKMARK [1][-]{section.4.1}{Summary}{chapter.4}
\BOOKMARK [0][-]{chapter.5}{Prototype - Development and Implementation}{}
\BOOKMARK [1][-]{section.5.1}{Summary}{chapter.5}
\BOOKMARK [0][-]{chapter.6}{Evaluation}{}
\BOOKMARK [1][-]{section.6.1}{Summary}{chapter.6}
\BOOKMARK [0][-]{chapter.7}{Discussion}{}
\BOOKMARK [0][-]{chapter.8}{Conclusions}{}
\BOOKMARK [0][-]{appendix.A}{A Typical Appendix...}{}
\BOOKMARK [0][-]{appendix.A}{Bibliography}{}
