This is pdfTeX, Version 3.1415926-1.40.10 (TeX Live 2009/Debian) (format=pdflatex 2012.7.22)  21 AUG 2012 23:09
entering extended mode
 Source specials enabled.
 %&-line parsing enabled.
**thesis.tex
(./thesis.tex
LaTeX2e <2009/09/24>
Babel <v3.8l> and hyphenation patterns for english, usenglishmax, dumylang, noh
yphenation, loaded.
(./muthesis.cls
Document Class: muthesis 
(/usr/share/texmf-texlive/tex/latex/setspace/setspace.sty
Package: setspace 2000/12/01 6.7 Contributed and Supported LaTeX2e package

Package: `setspace' 6.7 <2000/12/01>
) (/usr/share/texmf-texlive/tex/latex/base/report.cls
Document Class: report 2007/10/19 v1.4h Standard LaTeX document class
(/usr/share/texmf-texlive/tex/latex/base/size11.clo
File: size11.clo 2007/10/19 v1.4h Standard LaTeX file (size option)
)
\c@part=\count79
\c@chapter=\count80
\c@section=\count81
\c@subsection=\count82
\c@subsubsection=\count83
\c@paragraph=\count84
\c@subparagraph=\count85
\c@figure=\count86
\c@table=\count87
\abovecaptionskip=\skip41
\belowcaptionskip=\skip42
\bibindent=\dimen102
))
(/usr/share/texmf-texlive/tex/latex/tools/verbatim.sty
Package: verbatim 2003/08/22 v1.5q LaTeX2e package for verbatim enhancements
\every@verbatim=\toks14
\verbatim@line=\toks15
\verbatim@in@stream=\read1
)
(/usr/share/texmf-texlive/tex/latex/graphics/graphicx.sty
Package: graphicx 1999/02/16 v1.0f Enhanced LaTeX Graphics (DPC,SPQR)

(/usr/share/texmf-texlive/tex/latex/graphics/keyval.sty
Package: keyval 1999/03/16 v1.13 key=value parser (DPC)
\KV@toks@=\toks16
)
(/usr/share/texmf-texlive/tex/latex/graphics/graphics.sty
Package: graphics 2009/02/05 v1.0o Standard LaTeX Graphics (DPC,SPQR)

(/usr/share/texmf-texlive/tex/latex/graphics/trig.sty
Package: trig 1999/03/16 v1.09 sin cos tan (DPC)
)
(/etc/texmf/tex/latex/config/graphics.cfg
File: graphics.cfg 2009/08/28 v1.8 graphics configuration of TeX Live
)
Package graphics Info: Driver file: pdftex.def on input line 91.

(/usr/share/texmf-texlive/tex/latex/pdftex-def/pdftex.def
File: pdftex.def 2010/03/12 v0.04p Graphics/color for pdfTeX
\Gread@gobject=\count88
))
\Gin@req@height=\dimen103
\Gin@req@width=\dimen104
)
(/usr/share/texmf-texlive/tex/latex/ltxmisc/url.sty
\Urlmuskip=\muskip10
Package: url 2006/04/12  ver 3.3  Verb mode for urls, etc.
)
(/usr/share/texmf-texlive/tex/latex/hyperref/hyperref.sty
Package: hyperref 2009/10/09 v6.79a Hypertext links for LaTeX

(/usr/share/texmf-texlive/tex/generic/oberdiek/ifpdf.sty
Package: ifpdf 2009/04/10 v2.0 Provides the ifpdf switch (HO)
Package ifpdf Info: pdfTeX in pdf mode detected.
)
(/usr/share/texmf-texlive/tex/generic/oberdiek/ifvtex.sty
Package: ifvtex 2008/11/04 v1.4 Switches for detecting VTeX and its modes (HO)
Package ifvtex Info: VTeX not detected.
)
(/usr/share/texmf-texlive/tex/generic/ifxetex/ifxetex.sty
Package: ifxetex 2009/01/23 v0.5 Provides ifxetex conditional
)
(/usr/share/texmf-texlive/tex/latex/oberdiek/hycolor.sty
Package: hycolor 2009/10/02 v1.5 Code for color options of hyperref/bookmark (H
O)

(/usr/share/texmf-texlive/tex/latex/oberdiek/xcolor-patch.sty
Package: xcolor-patch 2009/10/02 xcolor patch
))
\@linkdim=\dimen105
\Hy@linkcounter=\count89
\Hy@pagecounter=\count90

(/usr/share/texmf-texlive/tex/latex/hyperref/pd1enc.def
File: pd1enc.def 2009/10/09 v6.79a Hyperref: PDFDocEncoding definition (HO)
)
(/usr/share/texmf-texlive/tex/generic/oberdiek/etexcmds.sty
Package: etexcmds 2007/12/12 v1.2 Prefix for e-TeX command names (HO)

(/usr/share/texmf-texlive/tex/generic/oberdiek/infwarerr.sty
Package: infwarerr 2007/09/09 v1.2 Providing info/warning/message (HO)
)
Package etexcmds Info: Could not find \expanded.
(etexcmds)             That can mean that you are not using pdfTeX 1.50 or
(etexcmds)             that some package has redefined \expanded.
(etexcmds)             In the latter case, load this package earlier.
)
(/usr/share/texmf-texlive/tex/latex/latexconfig/hyperref.cfg
File: hyperref.cfg 2002/06/06 v1.2 hyperref configuration of TeXLive
)
(/usr/share/texmf-texlive/tex/latex/oberdiek/kvoptions.sty
Package: kvoptions 2009/08/13 v3.4 Keyval support for LaTeX options (HO)

(/usr/share/texmf-texlive/tex/generic/oberdiek/kvsetkeys.sty
Package: kvsetkeys 2009/07/30 v1.5 Key value parser with default handler suppor
t (HO)
))
Package hyperref Info: Hyper figures OFF on input line 2975.
Package hyperref Info: Link nesting OFF on input line 2980.
Package hyperref Info: Hyper index ON on input line 2983.
Package hyperref Info: Plain pages OFF on input line 2990.
Package hyperref Info: Backreferencing OFF on input line 2995.

Implicit mode ON; LaTeX internals redefined
Package hyperref Info: Bookmarks ON on input line 3191.
LaTeX Info: Redefining \url on input line 3428.
(/usr/share/texmf-texlive/tex/generic/oberdiek/bitset.sty
Package: bitset 2007/09/28 v1.0 Data type bit set (HO)

(/usr/share/texmf-texlive/tex/generic/oberdiek/intcalc.sty
Package: intcalc 2007/09/27 v1.1 Expandable integer calculations (HO)
)
(/usr/share/texmf-texlive/tex/generic/oberdiek/bigintcalc.sty
Package: bigintcalc 2007/11/11 v1.1 Expandable big integer calculations (HO)

(/usr/share/texmf-texlive/tex/generic/oberdiek/pdftexcmds.sty
Package: pdftexcmds 2009/09/23 v0.6 LuaTeX support for pdfTeX utility functions
 (HO)

(/usr/share/texmf-texlive/tex/generic/oberdiek/ifluatex.sty
Package: ifluatex 2009/04/17 v1.2 Provides the ifluatex switch (HO)
Package ifluatex Info: LuaTeX not detected.
)
(/usr/share/texmf-texlive/tex/generic/oberdiek/ltxcmds.sty
Package: ltxcmds 2009/08/05 v1.0 Some LaTeX kernel commands for general use (HO
)
)
Package pdftexcmds Info: LuaTeX not detected.
Package pdftexcmds Info: \pdf@primitive is available.
Package pdftexcmds Info: \pdf@ifprimitive is available.
)))
\Fld@menulength=\count91
\Field@Width=\dimen106
\Fld@charsize=\dimen107
\Field@toks=\toks17
Package hyperref Info: Hyper figures OFF on input line 4377.
Package hyperref Info: Link nesting OFF on input line 4382.
Package hyperref Info: Hyper index ON on input line 4385.
Package hyperref Info: backreferencing OFF on input line 4392.
Package hyperref Info: Link coloring OFF on input line 4397.
Package hyperref Info: Link coloring with OCG OFF on input line 4402.
Package hyperref Info: PDF/A mode OFF on input line 4407.

(/usr/share/texmf-texlive/tex/generic/oberdiek/atbegshi.sty
Package: atbegshi 2008/07/31 v1.9 At begin shipout hook (HO)
)
\Hy@abspage=\count92
\c@Item=\count93
\c@Hfootnote=\count94
)
*hyperref using default driver hpdftex*
(/usr/share/texmf-texlive/tex/latex/hyperref/hpdftex.def
File: hpdftex.def 2009/10/09 v6.79a Hyperref driver for pdfTeX
\Fld@listcount=\count95
)
(/usr/share/texmf-texlive/tex/latex/natbib/natbib.sty
Package: natbib 2009/07/16 8.31 (PWD, AO)
\bibhang=\skip43
\bibsep=\skip44
LaTeX Info: Redefining \cite on input line 694.
\c@NAT@ctr=\count96
)
(/usr/share/texmf-texlive/tex/latex/amsmath/amsmath.sty
Package: amsmath 2000/07/18 v2.13 AMS math features
\@mathmargin=\skip45

For additional information on amsmath, use the `?' option.
(/usr/share/texmf-texlive/tex/latex/amsmath/amstext.sty
Package: amstext 2000/06/29 v2.01

(/usr/share/texmf-texlive/tex/latex/amsmath/amsgen.sty
File: amsgen.sty 1999/11/30 v2.0
\@emptytoks=\toks18
\ex@=\dimen108
))
(/usr/share/texmf-texlive/tex/latex/amsmath/amsbsy.sty
Package: amsbsy 1999/11/29 v1.2d
\pmbraise@=\dimen109
)
(/usr/share/texmf-texlive/tex/latex/amsmath/amsopn.sty
Package: amsopn 1999/12/14 v2.01 operator names
)
\inf@bad=\count97
LaTeX Info: Redefining \frac on input line 211.
\uproot@=\count98
\leftroot@=\count99
LaTeX Info: Redefining \overline on input line 307.
\classnum@=\count100
\DOTSCASE@=\count101
LaTeX Info: Redefining \ldots on input line 379.
LaTeX Info: Redefining \dots on input line 382.
LaTeX Info: Redefining \cdots on input line 467.
\Mathstrutbox@=\box26
\strutbox@=\box27
\big@size=\dimen110
LaTeX Font Info:    Redeclaring font encoding OML on input line 567.
LaTeX Font Info:    Redeclaring font encoding OMS on input line 568.
\macc@depth=\count102
\c@MaxMatrixCols=\count103
\dotsspace@=\muskip11
\c@parentequation=\count104
\dspbrk@lvl=\count105
\tag@help=\toks19
\row@=\count106
\column@=\count107
\maxfields@=\count108
\andhelp@=\toks20
\eqnshift@=\dimen111
\alignsep@=\dimen112
\tagshift@=\dimen113
\tagwidth@=\dimen114
\totwidth@=\dimen115
\lineht@=\dimen116
\@envbody=\toks21
\multlinegap=\skip46
\multlinetaggap=\skip47
\mathdisplay@stack=\toks22
LaTeX Info: Redefining \[ on input line 2666.
LaTeX Info: Redefining \] on input line 2667.
)
(/usr/share/texmf-texlive/tex/latex/amsfonts/amssymb.sty
Package: amssymb 2009/06/22 v3.00

(/usr/share/texmf-texlive/tex/latex/amsfonts/amsfonts.sty
Package: amsfonts 2009/06/22 v3.00 Basic AMSFonts support
\symAMSa=\mathgroup4
\symAMSb=\mathgroup5
LaTeX Font Info:    Overwriting math alphabet `\mathfrak' in version `bold'
(Font)                  U/euf/m/n --> U/euf/b/n on input line 96.
))
(/usr/share/texmf-texlive/tex/latex/fancyhdr/fancyhdr.sty
\fancy@headwidth=\skip48
\f@ncyO@elh=\skip49
\f@ncyO@erh=\skip50
\f@ncyO@olh=\skip51
\f@ncyO@orh=\skip52
\f@ncyO@elf=\skip53
\f@ncyO@erf=\skip54
\f@ncyO@olf=\skip55
\f@ncyO@orf=\skip56
)
(/usr/share/texmf-texlive/tex/latex/caption/caption.sty
Package: caption 2009/10/09 v3.1k Customizing captions (AR)

(/usr/share/texmf-texlive/tex/latex/caption/caption3.sty
Package: caption3 2009/10/09 v3.1k caption3 kernel (AR)
\captionmargin=\dimen117
\captionmargin@=\dimen118
\captionwidth=\dimen119
\caption@indent=\dimen120
\caption@parindent=\dimen121
\caption@hangindent=\dimen122
)
\c@ContinuedFloat=\count109
Package caption Info: hyperref package is loaded.
)
(/usr/share/texmf-texlive/tex/latex/pdfpages/pdfpages.sty
Package: pdfpages 2009/02/07 v0.4g Insert pages of external PDF documents (AM)

(/usr/share/texmf-texlive/tex/latex/base/ifthen.sty
Package: ifthen 2001/05/26 v1.1c Standard LaTeX ifthen package (DPC)
)
(/usr/share/texmf-texlive/tex/latex/tools/calc.sty
Package: calc 2007/08/22 v4.3 Infix arithmetic (KKT,FJ)
\calc@Acount=\count110
\calc@Bcount=\count111
\calc@Adimen=\dimen123
\calc@Bdimen=\dimen124
\calc@Askip=\skip57
\calc@Bskip=\skip58
LaTeX Info: Redefining \setlength on input line 76.
LaTeX Info: Redefining \addtolength on input line 77.
\calc@Ccount=\count112
\calc@Cskip=\skip59
)
(/usr/share/texmf-texlive/tex/latex/eso-pic/eso-pic.sty
Package: eso-pic 2006/07/14 v1.1d eso-pic (RN)

(/usr/share/texmf-texlive/tex/latex/ms/everyshi.sty
Package: everyshi 2001/05/15 v3.00 EveryShipout Package (MS)
))
(/usr/share/texmf-texlive/tex/latex/pdfpages/pppdftex.def
File: pppdftex.def 2009/02/07 v0.4g Pdfpages driver for pdfTeX (AM)
)
\AM@pagebox=\box28
\AM@toc@title=\toks23
\c@AM@survey=\count113
\AM@templatesizebox=\box29
)
(/usr/share/texmf-texlive/tex/latex/epigraph/epigraph.sty
Package: epigraph 2009/09/02 v1.5c typesetting epigraphs
\beforeepigraphskip=\skip60
\afterepigraphskip=\skip61
\epigraphwidth=\skip62
\epigraphrule=\skip63
)
(/usr/share/texmf-texlive/tex/latex/supertabular/supertabular.sty
Package: supertabular 2004/02/20 v4.1e the supertabular environment
\c@tracingst=\count114
\ST@wd=\dimen125
\ST@rightskip=\skip64
\ST@leftskip=\skip65
\ST@parfillskip=\skip66
\ST@pageleft=\dimen126
\ST@headht=\dimen127
\ST@tailht=\dimen128
\ST@pagesofar=\dimen129
\ST@pboxht=\dimen130
\ST@lineht=\dimen131
\ST@stretchht=\dimen132
\ST@prevht=\dimen133
\ST@toadd=\dimen134
\ST@dimen=\dimen135
\ST@pbox=\box30
)
(/usr/share/texmf-texlive/tex/latex/subfigure/subfigure.sty
Package: subfigure 2002/03/15 v2.1.5 subfigure package
\subfigtopskip=\skip67
\subfigcapskip=\skip68
\subfigcaptopadj=\dimen136
\subfigbottomskip=\skip69
\subfigcapmargin=\dimen137
\subfiglabelskip=\skip70
\c@subfigure=\count115
\c@lofdepth=\count116
\c@subtable=\count117
\c@lotdepth=\count118

****************************************
* Local config file subfigure.cfg used *
****************************************
(/usr/share/texmf-texlive/tex/latex/subfigure/subfigure.cfg)
\subfig@top=\skip71
\subfig@bottom=\skip72
)
(/usr/share/texmf-texlive/tex/latex/placeins/placeins.sty
Package: placeins 2005/04/18  v 2.2
) (./todonotes.sty
Package: todonotes 2011/10/22 .dtx Todonotes source and documentation.
Package: todonotes 2011/10/22

(/usr/share/texmf-texlive/tex/latex/xkeyval/xkeyval.sty
Package: xkeyval 2008/08/13 v2.6a package option processing (HA)

(/usr/share/texmf-texlive/tex/generic/xkeyval/xkeyval.tex
\XKV@toks=\toks24
\XKV@tempa@toks=\toks25
\XKV@depth=\count119
File: xkeyval.tex 2008/08/13 v2.6a key=value parser (HA)
))
(/usr/share/texmf/tex/latex/xcolor/xcolor.sty
Package: xcolor 2007/01/21 v2.11 LaTeX color extensions (UK)

(/etc/texmf/tex/latex/config/color.cfg
File: color.cfg 2007/01/18 v1.5 color configuration of teTeX/TeXLive
)
Package xcolor Info: Driver file: pdftex.def on input line 225.
Package xcolor Info: Model `cmy' substituted by `cmy0' on input line 1337.
Package xcolor Info: Model `hsb' substituted by `rgb' on input line 1341.
Package xcolor Info: Model `RGB' extended on input line 1353.
Package xcolor Info: Model `HTML' substituted by `rgb' on input line 1355.
Package xcolor Info: Model `Hsb' substituted by `hsb' on input line 1356.
Package xcolor Info: Model `tHsb' substituted by `hsb' on input line 1357.
Package xcolor Info: Model `HSB' substituted by `hsb' on input line 1358.
Package xcolor Info: Model `Gray' substituted by `gray' on input line 1359.
Package xcolor Info: Model `wave' substituted by `hsb' on input line 1360.
)
(/usr/share/texmf/tex/latex/pgf/frontendlayer/tikz.sty
(/usr/share/texmf/tex/latex/pgf/basiclayer/pgf.sty
(/usr/share/texmf/tex/latex/pgf/utilities/pgfrcs.sty
(/usr/share/texmf/tex/generic/pgf/utilities/pgfutil-common.tex
\pgfutil@everybye=\toks26
)
(/usr/share/texmf/tex/generic/pgf/utilities/pgfutil-latex.def
\pgfutil@abb=\box31
)
(/usr/share/texmf/tex/generic/pgf/utilities/pgfrcs.code.tex
Package: pgfrcs 2010/10/25 v2.10 (rcs-revision 1.24)
))
Package: pgf 2008/01/15 v2.10 (rcs-revision 1.12)

(/usr/share/texmf/tex/latex/pgf/basiclayer/pgfcore.sty
(/usr/share/texmf/tex/latex/pgf/systemlayer/pgfsys.sty
(/usr/share/texmf/tex/generic/pgf/systemlayer/pgfsys.code.tex
Package: pgfsys 2010/06/30 v2.10 (rcs-revision 1.37)

(/usr/share/texmf/tex/generic/pgf/utilities/pgfkeys.code.tex
\pgfkeys@pathtoks=\toks27
\pgfkeys@temptoks=\toks28

(/usr/share/texmf/tex/generic/pgf/utilities/pgfkeysfiltered.code.tex
\pgfkeys@tmptoks=\toks29
))
\pgf@x=\dimen138
\pgf@y=\dimen139
\pgf@xa=\dimen140
\pgf@ya=\dimen141
\pgf@xb=\dimen142
\pgf@yb=\dimen143
\pgf@xc=\dimen144
\pgf@yc=\dimen145
\w@pgf@writea=\write3
\r@pgf@reada=\read2
\c@pgf@counta=\count120
\c@pgf@countb=\count121
\c@pgf@countc=\count122
\c@pgf@countd=\count123

(/usr/share/texmf/tex/generic/pgf/systemlayer/pgf.cfg
File: pgf.cfg 2008/05/14  (rcs-revision 1.7)
)
Package pgfsys Info: Driver file for pgf: pgfsys-pdftex.def on input line 900.

(/usr/share/texmf/tex/generic/pgf/systemlayer/pgfsys-pdftex.def
File: pgfsys-pdftex.def 2009/05/22  (rcs-revision 1.26)

(/usr/share/texmf/tex/generic/pgf/systemlayer/pgfsys-common-pdf.def
File: pgfsys-common-pdf.def 2008/05/19  (rcs-revision 1.10)
)))
(/usr/share/texmf/tex/generic/pgf/systemlayer/pgfsyssoftpath.code.tex
File: pgfsyssoftpath.code.tex 2008/07/18  (rcs-revision 1.7)
\pgfsyssoftpath@smallbuffer@items=\count124
\pgfsyssoftpath@bigbuffer@items=\count125
)
(/usr/share/texmf/tex/generic/pgf/systemlayer/pgfsysprotocol.code.tex
File: pgfsysprotocol.code.tex 2006/10/16  (rcs-revision 1.4)
))
(/usr/share/texmf/tex/generic/pgf/basiclayer/pgfcore.code.tex
Package: pgfcore 2010/04/11 v2.10 (rcs-revision 1.7)

(/usr/share/texmf/tex/generic/pgf/math/pgfmath.code.tex
(/usr/share/texmf/tex/generic/pgf/math/pgfmathcalc.code.tex
(/usr/share/texmf/tex/generic/pgf/math/pgfmathutil.code.tex)
(/usr/share/texmf/tex/generic/pgf/math/pgfmathparser.code.tex
\pgfmath@dimen=\dimen146
\pgfmath@count=\count126
\pgfmath@box=\box32
\pgfmath@toks=\toks30
\pgfmath@stack@operand=\toks31
\pgfmath@stack@operation=\toks32
)
(/usr/share/texmf/tex/generic/pgf/math/pgfmathfunctions.code.tex
(/usr/share/texmf/tex/generic/pgf/math/pgfmathfunctions.basic.code.tex)
(/usr/share/texmf/tex/generic/pgf/math/pgfmathfunctions.trigonometric.code.tex)
(/usr/share/texmf/tex/generic/pgf/math/pgfmathfunctions.random.code.tex)
(/usr/share/texmf/tex/generic/pgf/math/pgfmathfunctions.comparison.code.tex)
(/usr/share/texmf/tex/generic/pgf/math/pgfmathfunctions.base.code.tex)
(/usr/share/texmf/tex/generic/pgf/math/pgfmathfunctions.round.code.tex)
(/usr/share/texmf/tex/generic/pgf/math/pgfmathfunctions.misc.code.tex)))
(/usr/share/texmf/tex/generic/pgf/math/pgfmathfloat.code.tex
\c@pgfmathroundto@lastzeros=\count127
))
(/usr/share/texmf/tex/generic/pgf/basiclayer/pgfcorepoints.code.tex
File: pgfcorepoints.code.tex 2010/04/09  (rcs-revision 1.20)
\pgf@picminx=\dimen147
\pgf@picmaxx=\dimen148
\pgf@picminy=\dimen149
\pgf@picmaxy=\dimen150
\pgf@pathminx=\dimen151
\pgf@pathmaxx=\dimen152
\pgf@pathminy=\dimen153
\pgf@pathmaxy=\dimen154
\pgf@xx=\dimen155
\pgf@xy=\dimen156
\pgf@yx=\dimen157
\pgf@yy=\dimen158
\pgf@zx=\dimen159
\pgf@zy=\dimen160
)
(/usr/share/texmf/tex/generic/pgf/basiclayer/pgfcorepathconstruct.code.tex
File: pgfcorepathconstruct.code.tex 2010/08/03  (rcs-revision 1.24)
\pgf@path@lastx=\dimen161
\pgf@path@lasty=\dimen162
)
(/usr/share/texmf/tex/generic/pgf/basiclayer/pgfcorepathusage.code.tex
File: pgfcorepathusage.code.tex 2008/04/22  (rcs-revision 1.12)
\pgf@shorten@end@additional=\dimen163
\pgf@shorten@start@additional=\dimen164
)
(/usr/share/texmf/tex/generic/pgf/basiclayer/pgfcorescopes.code.tex
File: pgfcorescopes.code.tex 2010/09/08  (rcs-revision 1.34)
\pgfpic=\box33
\pgf@hbox=\box34
\pgf@layerbox@main=\box35
\pgf@picture@serial@count=\count128
)
(/usr/share/texmf/tex/generic/pgf/basiclayer/pgfcoregraphicstate.code.tex
File: pgfcoregraphicstate.code.tex 2008/04/22  (rcs-revision 1.9)
\pgflinewidth=\dimen165
)
(/usr/share/texmf/tex/generic/pgf/basiclayer/pgfcoretransformations.code.tex
File: pgfcoretransformations.code.tex 2009/06/10  (rcs-revision 1.11)
\pgf@pt@x=\dimen166
\pgf@pt@y=\dimen167
\pgf@pt@temp=\dimen168
)
(/usr/share/texmf/tex/generic/pgf/basiclayer/pgfcorequick.code.tex
File: pgfcorequick.code.tex 2008/10/09  (rcs-revision 1.3)
)
(/usr/share/texmf/tex/generic/pgf/basiclayer/pgfcoreobjects.code.tex
File: pgfcoreobjects.code.tex 2006/10/11  (rcs-revision 1.2)
)
(/usr/share/texmf/tex/generic/pgf/basiclayer/pgfcorepathprocessing.code.tex
File: pgfcorepathprocessing.code.tex 2008/10/09  (rcs-revision 1.8)
)
(/usr/share/texmf/tex/generic/pgf/basiclayer/pgfcorearrows.code.tex
File: pgfcorearrows.code.tex 2008/04/23  (rcs-revision 1.11)
)
(/usr/share/texmf/tex/generic/pgf/basiclayer/pgfcoreshade.code.tex
File: pgfcoreshade.code.tex 2008/11/23  (rcs-revision 1.13)
\pgf@max=\dimen169
\pgf@sys@shading@range@num=\count129
)
(/usr/share/texmf/tex/generic/pgf/basiclayer/pgfcoreimage.code.tex
File: pgfcoreimage.code.tex 2010/03/25  (rcs-revision 1.16)

(/usr/share/texmf/tex/generic/pgf/basiclayer/pgfcoreexternal.code.tex
File: pgfcoreexternal.code.tex 2010/09/01  (rcs-revision 1.17)
\pgfexternal@startupbox=\box36
))
(/usr/share/texmf/tex/generic/pgf/basiclayer/pgfcorelayers.code.tex
File: pgfcorelayers.code.tex 2010/08/27  (rcs-revision 1.2)
)
(/usr/share/texmf/tex/generic/pgf/basiclayer/pgfcoretransparency.code.tex
File: pgfcoretransparency.code.tex 2008/01/17  (rcs-revision 1.2)
)
(/usr/share/texmf/tex/generic/pgf/basiclayer/pgfcorepatterns.code.tex
File: pgfcorepatterns.code.tex 2009/07/02  (rcs-revision 1.3)
)))
(/usr/share/texmf/tex/generic/pgf/modules/pgfmoduleshapes.code.tex
File: pgfmoduleshapes.code.tex 2010/09/09  (rcs-revision 1.13)
\pgfnodeparttextbox=\box37
)
(/usr/share/texmf/tex/generic/pgf/modules/pgfmoduleplot.code.tex
File: pgfmoduleplot.code.tex 2010/10/22  (rcs-revision 1.8)
)
(/usr/share/texmf/tex/latex/pgf/compatibility/pgfcomp-version-0-65.sty
Package: pgfcomp-version-0-65 2007/07/03 v2.10 (rcs-revision 1.7)
\pgf@nodesepstart=\dimen170
\pgf@nodesepend=\dimen171
)
(/usr/share/texmf/tex/latex/pgf/compatibility/pgfcomp-version-1-18.sty
Package: pgfcomp-version-1-18 2007/07/23 v2.10 (rcs-revision 1.1)
))
(/usr/share/texmf/tex/latex/pgf/utilities/pgffor.sty
(/usr/share/texmf/tex/latex/pgf/utilities/pgfkeys.sty
(/usr/share/texmf/tex/generic/pgf/utilities/pgfkeys.code.tex))
(/usr/share/texmf/tex/generic/pgf/utilities/pgffor.code.tex
Package: pgffor 2010/03/23 v2.10 (rcs-revision 1.18)
\pgffor@iter=\dimen172
\pgffor@skip=\dimen173
\pgffor@stack=\toks33
\pgffor@toks=\toks34
))
(/usr/share/texmf/tex/generic/pgf/frontendlayer/tikz/tikz.code.tex
Package: tikz 2010/10/13 v2.10 (rcs-revision 1.76)

(/usr/share/texmf/tex/generic/pgf/libraries/pgflibraryplothandlers.code.tex
File: pgflibraryplothandlers.code.tex 2010/05/31 v2.10 (rcs-revision 1.15)
\pgf@plot@mark@count=\count130
\pgfplotmarksize=\dimen174
)
\tikz@lastx=\dimen175
\tikz@lasty=\dimen176
\tikz@lastxsaved=\dimen177
\tikz@lastysaved=\dimen178
\tikzleveldistance=\dimen179
\tikzsiblingdistance=\dimen180
\tikz@figbox=\box38
\tikz@tempbox=\box39
\tikztreelevel=\count131
\tikznumberofchildren=\count132
\tikznumberofcurrentchild=\count133
\tikz@fig@count=\count134

(/usr/share/texmf/tex/generic/pgf/modules/pgfmodulematrix.code.tex
File: pgfmodulematrix.code.tex 2010/08/24  (rcs-revision 1.4)
\pgfmatrixcurrentrow=\count135
\pgfmatrixcurrentcolumn=\count136
\pgf@matrix@numberofcolumns=\count137
)
\tikz@expandcount=\count138

(/usr/share/texmf/tex/generic/pgf/frontendlayer/tikz/libraries/tikzlibrarytopat
hs.code.tex
File: tikzlibrarytopaths.code.tex 2008/06/17 v2.10 (rcs-revision 1.2)
)))
(/usr/share/texmf/tex/generic/pgf/frontendlayer/tikz/libraries/tikzlibraryposit
ioning.code.tex
File: tikzlibrarypositioning.code.tex 2008/10/06 v2.10 (rcs-revision 1.7)
)
\c@@todonotes@numberoftodonotes=\count139
) (/usr/share/texmf-texlive/tex/latex/colortbl/colortbl.sty
Package: colortbl 2001/02/13 v0.1j Color table columns (DPC)

(/usr/share/texmf-texlive/tex/latex/tools/array.sty
Package: array 2008/09/09 v2.4c Tabular extension package (FMi)
\col@sep=\dimen181
\extrarowheight=\dimen182
\NC@list=\toks35
\extratabsurround=\skip73
\backup@length=\skip74
)
\everycr=\toks36
\minrowclearance=\skip75
)
(/usr/share/texmf-texlive/tex/latex/multirow/multirow.sty
\bigstrutjot=\dimen183
)
(/usr/share/texmf-texlive/tex/latex/rotating/rotating.sty
Package: rotating 2009/03/28 v2.16a rotated objects in LaTeX
\c@r@tfl@t=\count140
\rotFPtop=\skip76
\rotFPbot=\skip77
\rot@float@box=\box40
\rot@mess@toks=\toks37
) (./enumitem.sty
Package: enumitem 2011/09/28 v3.5.2 Customized lists
\labelindent=\skip78
\enit@outerparindent=\dimen184
\enit@toks=\toks38
\enit@inbox=\box41
\enitdp@description=\count141
)
Package hyperref Info: Option `colorlinks' set `false' on input line 54.
Package hyperref Info: Option `pdfdisplaydoctitle' set `true' on input line 67.


(./thesis.aux (./command-definitions.aux) (./CH1-Introduction.aux)
(./CH2-Methodology.aux) (./CH3-LitRev.aux) (./CH4-SystemStudy.aux)
(./CH5-ConceptualModel.aux) (./CH6-Development.aux) (./CH7-Evaluation.aux)
(./CH8-Discussion.aux) (./CH9-Conclusion.aux) (./A1.aux) (./A2.aux) (./A3.aux)
(./A4.aux) (./A5.aux) (./A6.aux) (./A7.aux))
\openout1 = `thesis.aux'.

LaTeX Font Info:    Checking defaults for OML/cmm/m/it on input line 72.
LaTeX Font Info:    ... okay on input line 72.
LaTeX Font Info:    Checking defaults for T1/cmr/m/n on input line 72.
LaTeX Font Info:    ... okay on input line 72.
LaTeX Font Info:    Checking defaults for OT1/cmr/m/n on input line 72.
LaTeX Font Info:    ... okay on input line 72.
LaTeX Font Info:    Checking defaults for OMS/cmsy/m/n on input line 72.
LaTeX Font Info:    ... okay on input line 72.
LaTeX Font Info:    Checking defaults for OMX/cmex/m/n on input line 72.
LaTeX Font Info:    ... okay on input line 72.
LaTeX Font Info:    Checking defaults for U/cmr/m/n on input line 72.
LaTeX Font Info:    ... okay on input line 72.
LaTeX Font Info:    Checking defaults for PD1/pdf/m/n on input line 72.
LaTeX Font Info:    ... okay on input line 72.

(/usr/share/texmf-texlive/tex/context/base/supp-pdf.mkii
[Loading MPS to PDF converter (version 2006.09.02).]
\scratchcounter=\count142
\scratchdimen=\dimen185
\scratchbox=\box42
\nofMPsegments=\count143
\nofMParguments=\count144
\everyMPshowfont=\toks39
\MPscratchCnt=\count145
\MPscratchDim=\dimen186
\MPnumerator=\count146
\everyMPtoPDFconversion=\toks40
)
Package hyperref Info: Link coloring OFF on input line 72.
 (/usr/share/texmf-texlive/tex/latex/hyperref/nameref.sty
Package: nameref 2007/05/29 v2.31 Cross-referencing by name of section

(/usr/share/texmf-texlive/tex/latex/oberdiek/refcount.sty
Package: refcount 2008/08/11 v3.1 Data extraction from references (HO)
)
\c@section@level=\count147
)
LaTeX Info: Redefining \ref on input line 72.
LaTeX Info: Redefining \pageref on input line 72.
 (./thesis.out)
(./thesis.out)
\@outlinefile=\write4
\openout4 = `thesis.out'.

\AtBeginShipoutBox=\box43
Package caption Info: Begin \AtBeginDocument code.
Package caption Info: rotating package is loaded.
Package caption Info: subfigure package is loaded.
Package caption Info: supertabular package is loaded.
Package caption Info: End \AtBeginDocument code.
 ABD: EveryShipout initializing macros
\openout2 = `command-definitions.aux'.

 (./command-definitions.tex) [1



{/var/lib/texmf/fonts/map/pdftex/updmap/pdftex.map}] [2

] (./B1-Abstract.tex
! Undefined control sequence.
\abstract ->\clearemptydoublepage 
                                  \begin {center} \section *{Abstract} \addc...
l.1 \begin{abstract}
                    
The control sequence at the end of the top line
of your error message was never \def'ed. If you have
misspelled it (e.g., `\hobx'), type `I' and the correct
spelling (e.g., `I\hbox'). Otherwise just continue,
and I'll forget about whatever was undefined.

[3]) [4

] (./B4-Acknowledgements.tex) [5

] [6

] (./B2-Publications.tex
Missing character: There is no ï in font cmr10!
Missing character: There is no » in font cmr10!
Missing character: There is no ¿ in font cmr10!

Underfull \vbox (badness 10000) has occurred while \output is active []

 [7

])
[8] (./B3-Abbreviations.tex) [9


] [10

] (./thesis.toc
LaTeX Font Info:    Try loading font information for U+msa on input line 6.

(/usr/share/texmf-texlive/tex/latex/amsfonts/umsa.fd
File: umsa.fd 2009/06/22 v3.00 AMS symbols A
)
LaTeX Font Info:    Try loading font information for U+msb on input line 6.

(/usr/share/texmf-texlive/tex/latex/amsfonts/umsb.fd
File: umsb.fd 2009/06/22 v3.00 AMS symbols B
) [11

] [12] [13] [14]
[15])
\tf@toc=\write5
\openout5 = `thesis.toc'.

 [16] (./thesis.lof
Underfull \vbox (badness 2334) has occurred while \output is active []

 [17

]
[18])
\tf@lof=\write6
\openout6 = `thesis.lof'.

 [19] [20

] (./thesis.lot)
\tf@lot=\write7
\openout7 = `thesis.lot'.

 [21] [22

]
\openout2 = `CH1-Introduction.aux'.

 (./CH1-Introduction.tex
Chapter 1.
[1


] [2] <./images/CH1-F1-Thesis.png, id=1048, 813.0375pt x 324.21124pt>
File: ./images/CH1-F1-Thesis.png Graphic file (type png)

<use ./images/CH1-F1-Thesis.png> [3] [4 <./images/CH1-F1-Thesis.png>]) [5]
\openout2 = `CH2-Methodology.aux'.


(./CH2-Methodology.tex [6



]
Chapter 2.
[7]
LaTeX Font Info:    Try loading font information for OMS+cmr on input line 43.
 (/usr/share/texmf-texlive/tex/latex/base/omscmr.fd
File: omscmr.fd 1999/05/25 v2.5h Standard LaTeX font definitions
)
LaTeX Font Info:    Font shape `OMS/cmr/m/n' in size <10.95> not available
(Font)              Font shape `OMS/cmsy/m/n' tried instead on input line 43.
 [8] [9]
<./images/CH2-F1-Peffers.png, id=1124, 541.02126pt x 760.8425pt>
File: ./images/CH2-F1-Peffers.png Graphic file (type png)

<use ./images/CH2-F1-Peffers.png>
<./images/CH2-F2-Vaishnavi.png, id=1129, 401.5pt x 436.63126pt>
File: ./images/CH2-F2-Vaishnavi.png Graphic file (type png)

<use ./images/CH2-F2-Vaishnavi.png>
Underfull \vbox (badness 1189) has occurred while \output is active []

 [10 <./images/CH2-F1-Peffers.png>]
Underfull \vbox (badness 10000) has occurred while \output is active []

 [11 <./images/CH2-F2-Vaishnavi.png>]
Underfull \hbox (badness 3179) in paragraph at lines 192--193
[]|[]\OT1/cmr/m/n/10.95 Research must de-velop technology-
 []


Underfull \hbox (badness 1552) in paragraph at lines 194--195
[]|[]\OT1/cmr/m/n/10.95 Proper val-u-a-tion meth-ods must be
 []

<./images/CH2-F4-Path.png, id=1161, 1415.2875pt x 641.39626pt>
File: ./images/CH2-F4-Path.png Graphic file (type png)

<use ./images/CH2-F4-Path.png> [12]
Underfull \vbox (badness 7907) has occurred while \output is active []

 [13 <./images/CH2-F4-Path.png>]
<./images/CH2-F3-Prototype.png, id=1183, 263.98625pt x 285.065pt>
File: ./images/CH2-F3-Prototype.png Graphic file (type png)

<use ./images/CH2-F3-Prototype.png>
Underfull \vbox (badness 7344) has occurred while \output is active []

 [14]
[15 <./images/CH2-F3-Prototype.png>] [16] [17] [18]) [19]
\openout2 = `CH3-LitRev.aux'.

 (./CH3-LitRev.tex
[20



]
Chapter 3.

Underfull \vbox (badness 10000) has occurred while \output is active []

 [21]
Underfull \vbox (badness 5302) has occurred while \output is active []

 [22]
<./images/CH3-F1-Learning.png, id=1323, 579.66562pt x 599.99156pt>
File: ./images/CH3-F1-Learning.png Graphic file (type png)

<use ./images/CH3-F1-Learning.png> [23 <./images/CH3-F1-Learning.png>]
Underfull \vbox (badness 10000) has occurred while \output is active []

 [24]
Underfull \vbox (badness 10000) has occurred while \output is active []

 [25]
<./images/CH3-F2-CLI.png, id=1389, 634.37pt x 620.3175pt>
File: ./images/CH3-F2-CLI.png Graphic file (type png)

<use ./images/CH3-F2-CLI.png>
Underfull \vbox (badness 10000) has occurred while \output is active []

 [26 <./images/CH3-F2-CLI.png (PNG copy)>]
<./images/CH3-F3-LLLFramework.png, id=1411, 944.52875pt x 427.5975pt>
File: ./images/CH3-F3-LLLFramework.png Graphic file (type png)

<use ./images/CH3-F3-LLLFramework.png> [27 <./images/CH3-F3-LLLFramework.png>]
[28] <./images/CH3-F4-LLLDimension.png, id=1449, 654.445pt x 320.19624pt>
File: ./images/CH3-F4-LLLDimension.png Graphic file (type png)

<use ./images/CH3-F4-LLLDimension.png> [29 <./images/CH3-F4-LLLDimension.png>]
[30]
Underfull \vbox (badness 1248) has occurred while \output is active []

 [31]
[32]) [33]
\openout2 = `CH4-SystemStudy.aux'.

 (./CH4-SystemStudy.tex [34



]
Chapter 4.
[35]
Underfull \vbox (badness 1163) has occurred while \output is active []

 [36]
Underfull \vbox (badness 10000) has occurred while \output is active []

 [37]
<./images/CH4-F0-WEB20.png, id=1656, 1068.99374pt x 654.445pt>
File: ./images/CH4-F0-WEB20.png Graphic file (type png)

<use ./images/CH4-F0-WEB20.png>
Underfull \vbox (badness 1642) has occurred while \output is active []

 [38]
[39 <./images/CH4-F0-WEB20.png>] [40]
Underfull \vbox (badness 10000) has occurred while \output is active []

 [41]
[42] [43] <./images/CH4-F1-EP.png, id=1800, 430.60875pt x 386.44376pt>
File: ./images/CH4-F1-EP.png Graphic file (type png)

<use ./images/CH4-F1-EP.png> [44 <./images/CH4-F1-EP.png>] [45]
<./images/CH4-F6-BB.png, id=1821, 533.995pt x 389.455pt>
File: ./images/CH4-F6-BB.png Graphic file (type png)

<use ./images/CH4-F6-BB.png> [46]
Underfull \vbox (badness 10000) has occurred while \output is active []

 [47 <./images/CH4-F6-BB.png (PNG copy)>]
<./images/CH4-F7-D2L.png, id=1849, 536.0025pt x 387.4475pt>
File: ./images/CH4-F7-D2L.png Graphic file (type png)

<use ./images/CH4-F7-D2L.png> [48 <./images/CH4-F7-D2L.png (PNG copy)>]
[49] <./images/CH4-F8-eFolio.png, id=1882, 762.85pt x 746.79pt>
File: ./images/CH4-F8-eFolio.png Graphic file (type png)

<use ./images/CH4-F8-eFolio.png> [50]
Underfull \vbox (badness 10000) has occurred while \output is active []

 [51 <./images/CH4-F8-eFolio.png>]
<./images/CH4-F5-ELGG.png, id=1911, 996.72375pt x 692.5875pt>
File: ./images/CH4-F5-ELGG.png Graphic file (type png)

<use ./images/CH4-F5-ELGG.png>
Underfull \vbox (badness 10000) has occurred while \output is active []

 [52 <./images/CH4-F5-ELGG.png>]
<./images/CH4-F4-Mahara.png, id=1924, 982.67125pt x 707.64375pt>
File: ./images/CH4-F4-Mahara.png Graphic file (type png)

<use ./images/CH4-F4-Mahara.png>
Underfull \vbox (badness 1314) has occurred while \output is active []

 [53]
[54 <./images/CH4-F4-Mahara.png>]
<./images/CH4-F3-PebblePad.png, id=1957, 969.6225pt x 704.6325pt>
File: ./images/CH4-F3-PebblePad.png Graphic file (type png)

<use ./images/CH4-F3-PebblePad.png> [55 <./images/CH4-F3-PebblePad.png>]
[56]
Underfull \hbox (badness 10000) in paragraph at lines 845--846
[]|[]\OT1/cmr/m/n/8 Potential in-te-gra-tion
 []


Underfull \hbox (badness 1033) in paragraph at lines 845--846
\OT1/cmr/m/n/8 with Moo-dle LMS can
 []


Underfull \hbox (badness 6477) in paragraph at lines 845--846
\OT1/cmr/m/n/8 cover sup-port for all
 []


Underfull \hbox (badness 3158) in paragraph at lines 845--846
\OT1/cmr/m/n/8 types of learn-ing \OT1/cmr/m/it/8 (No
 []


Underfull \hbox (badness 10000) in paragraph at lines 845--846
\OT1/cmr/m/it/8 re-li-able in-for-ma-tion
 []


Underfull \hbox (badness 1033) in paragraph at lines 846--848
\OT1/cmr/m/n/8 with Moo-dle LMS can
 []


Underfull \hbox (badness 6477) in paragraph at lines 846--848
\OT1/cmr/m/n/8 cover sup-port for all
 []


Underfull \hbox (badness 3158) in paragraph at lines 846--848
\OT1/cmr/m/n/8 types of learn-ing \OT1/cmr/m/it/8 (No
 []


Underfull \hbox (badness 10000) in paragraph at lines 846--848
\OT1/cmr/m/it/8 re-li-able in-for-ma-tion
 []


Underfull \hbox (badness 10000) in paragraph at lines 851--853
[]|[]\OT1/cmr/m/n/8 -- Ini-tial guid-ance
 []


Underfull \hbox (badness 2452) in paragraph at lines 851--853
\OT1/cmr/m/n/8 through ePort-fo-lio set-
 []


Underfull \hbox (badness 10000) in paragraph at lines 851--853
\OT1/cmr/m/n/8 -- Guid-ance through
 []


Underfull \hbox (badness 1448) in paragraph at lines 853--855
[]|[]\OT1/cmr/m/n/8 -- Feed-back on var-i-ous
 []


Underfull \hbox (badness 6559) in paragraph at lines 853--855
\OT1/cmr/m/n/8 de-fine com-pe-tences in
 []


Underfull \hbox (badness 1448) in paragraph at lines 855--856
[]|[]\OT1/cmr/m/n/8 -- Feed-back on var-i-ous
 []


Underfull \hbox (badness 5726) in paragraph at lines 858--859
\OT1/cmr/m/n/8 and ar-ti-facts on web
 []


Underfull \hbox (badness 1546) in paragraph at lines 862--863
[]|[]\OT1/cmr/m/n/8 -- Lec-tur-ers can de-fine
 []


Underfull \hbox (badness 1546) in paragraph at lines 864--866
[]|[]\OT1/cmr/m/n/8 -- Lec-tur-ers can de-fine
 []


Underfull \hbox (badness 1348) in paragraph at lines 864--866
\OT1/cmr/m/n/8 -- Lec-tur-ers can cre-ate
 []


Underfull \hbox (badness 1348) in paragraph at lines 867--868
\OT1/cmr/m/n/8 -- Lec-tur-ers can cre-ate
 []


Underfull \hbox (badness 3179) in paragraph at lines 871--872
\OT1/cmr/m/n/8 -- Lec-turer can cre-ate
 []


Underfull \hbox (badness 7595) in paragraph at lines 873--873
[]|[]\OT1/cmr/m/n/8 Lecturers can pro-vide
 []


Underfull \hbox (badness 4569) in paragraph at lines 878--879
\OT1/cmr/m/n/8 form of com-ments or
 []


Underfull \hbox (badness 10000) in paragraph at lines 882--883
\OT1/cmr/m/n/8 Integrated com-mu-ni-ca-
 []


Underfull \hbox (badness 10000) in paragraph at lines 888--890
[]|[]\OT1/cmr/m/n/8 -- Col-lab-o-ra-tive work
 []


Underfull \hbox (badness 3815) in paragraph at lines 903--904
\OT1/cmr/m/n/8 pe-ten-cies and learn-ing
 []


Underfull \hbox (badness 2197) in paragraph at lines 905--906
[]|[]\OT1/cmr/m/n/8 No spe-cial-ized way or
 []


Underfull \hbox (badness 2426) in paragraph at lines 905--906
\OT1/cmr/m/n/8 record-ing achieve-ments.
 []


Underfull \hbox (badness 10000) in paragraph at lines 909--910
[]|[]\OT1/cmr/m/n/8 Achievements can be
 []


Underfull \hbox (badness 10000) in paragraph at lines 909--910
\OT1/cmr/m/n/8 recorded through the
 []


Underfull \hbox (badness 10000) in paragraph at lines 909--910
\OT1/cmr/m/n/8 as-sets ``achieve-ments''
 []


Underfull \hbox (badness 10000) in paragraph at lines 912--913
[]|[]\OT1/cmr/m/n/8 Addressing high-order
 []


Underfull \hbox (badness 10000) in paragraph at lines 912--913
\OT1/cmr/m/n/8 skills through de-fined
 []


Underfull \hbox (badness 10000) in paragraph at lines 912--913
\OT1/cmr/m/n/8 by lec-tur-ers learn-ing
 []


Underfull \hbox (badness 10000) in paragraph at lines 914--915
[]|[]\OT1/cmr/m/n/8 Addressing high-order
 []


Underfull \hbox (badness 10000) in paragraph at lines 914--915
\OT1/cmr/m/n/8 rubrics or in-te-gra-tion
 []


Underfull \hbox (badness 10000) in paragraph at lines 916--917
[]|[]\OT1/cmr/m/n/8 Addressing high-order
 []


Underfull \hbox (badness 1983) in paragraph at lines 916--917
\OT1/cmr/m/n/8 skills is done in form
 []


Underfull \hbox (badness 10000) in paragraph at lines 918--918
[]|[]\OT1/cmr/m/n/8 Addressing high-order
 []


Underfull \hbox (badness 10000) in paragraph at lines 919--919
[]|[]\OT1/cmr/m/n/8 Addressing high-order
 []


Underfull \hbox (badness 10000) in paragraph at lines 920--921
[]|[]\OT1/cmr/m/n/8 Addressing high-order
 []


Underfull \hbox (badness 2608) in paragraph at lines 920--921
\OT1/cmr/m/n/8 skills can be done in
 []


Underfull \hbox (badness 1748) in paragraph at lines 920--921
\OT1/cmr/m/n/8 form of web pages or
 []


Underfull \hbox (badness 10000) in paragraph at lines 926--926
[]|[]\OT1/cmr/m/n/8 Individual items can
 []


Overfull \hbox (19.79135pt too wide) in paragraph at lines 833--933
 [][][] 
 []

[57] [58] [59]) [60]
\openout2 = `CH5-ConceptualModel.aux'.

 (./CH5-ConceptualModel.tex
Chapter 5.
[61



] [62] [63] [64] [65] [66] [67] [68]
Underfull \vbox (badness 1917) has occurred while \output is active []

 [69]
[70] [71] [72] [73] [74] [75] [76] [77] [78]) [79]
\openout2 = `CH6-Development.aux'.

 (./CH6-Development.tex
[80



]
Chapter 6.
[81] <./images/CH6-F1-Architecture.png, id=2177, 513.92pt x 355.3275pt>
File: ./images/CH6-F1-Architecture.png Graphic file (type png)

<use ./images/CH6-F1-Architecture.png> [82 <./images/CH6-F1-Architecture.png>]
[83]
Underfull \hbox (badness 10000) in paragraph at lines 143--143
[][][][]$\OT1/cmtt/m/n/9 http : / / www . codeproject . com / Articles / 16192 
/ Graphic-[]JavaScript-[]Tree-[]with-[]Layout$[] \OT1/cmr/m/n/9 (Ac-
 []

[84]
Underfull \hbox (badness 10000) in paragraph at lines 181--181
[]|[]\OT1/cmr/m/it/10 Concept
 []


Underfull \hbox (badness 10000) in paragraph at lines 182--182
[]|[]\OT1/cmr/m/it/10 Artifacts'
 []


Underfull \hbox (badness 10000) in paragraph at lines 183--183
[]|[]\OT1/cmr/m/it/10 Progress
 []


Overfull \hbox (2.03166pt too wide) in paragraph at lines 175--196
 [][] 
 []

[85] <./images/CH6-F2-Version.png, id=2265, 368.37625pt x 181.67876pt>
File: ./images/CH6-F2-Version.png Graphic file (type png)

<use ./images/CH6-F2-Version.png>
Underfull \vbox (badness 10000) has occurred while \output is active []

 [86]
Underfull \vbox (badness 10000) has occurred while \output is active []

 [87 <./images/CH6-F2-Version.png>]
Underfull \vbox (badness 2865) has occurred while \output is active []

 [88]
Underfull \vbox (badness 2469) has occurred while \output is active []

 [89]
<./images/CH6-F3-Mapping.png, id=2326, 797.98125pt x 586.19pt>
File: ./images/CH6-F3-Mapping.png Graphic file (type png)

<use ./images/CH6-F3-Mapping.png> [90]
<./images/CH6-F4-Map-Example.png, id=2345, 576.1525pt x 543.02875pt>
File: ./images/CH6-F4-Map-Example.png Graphic file (type png)

<use ./images/CH6-F4-Map-Example.png> [91 <./images/CH6-F3-Mapping.png>]
[92 <./images/CH6-F4-Map-Example.png>]
<./images/CH6-F5-Fragments.png, id=2363, 829.0975pt x 892.33376pt>
File: ./images/CH6-F5-Fragments.png Graphic file (type png)

<use ./images/CH6-F5-Fragments.png> [93]
Underfull \vbox (badness 6944) has occurred while \output is active []

 [94 <./images/CH6-F5-Fragments.png>]
<./images/CH6-F6-Timeline.png, id=2377, 431.6125pt x 188.705pt>
File: ./images/CH6-F6-Timeline.png Graphic file (type png)

<use ./images/CH6-F6-Timeline.png> [95]
Overfull \hbox (2.59268pt too wide) in paragraph at lines 631--638
[][]\OT1/cmr/m/n/10.95 Adoption of this com-po-nent is ex-pected to pro-vide su
p-port for track-ing per-sonal progress
 []

[96 <./images/CH6-F6-Timeline.png>] [97]
Underfull \vbox (badness 3354) has occurred while \output is active []

 [98])
[99]
\openout2 = `CH7-Evaluation.aux'.

 (./CH7-Evaluation.tex [100



]
Chapter 7.

Underfull \vbox (badness 10000) has occurred while \output is active []

 [101]
LaTeX Font Info:    Font shape `OMS/cmr/m/it' in size <10.95> not available
(Font)              Font shape `OMS/cmsy/m/n' tried instead on input line 40.

[102] [103] [104] [105] [106]
Underfull \vbox (badness 6316) has occurred while \output is active []

 [107]
[108] [109] [110]
<./images/CH7-F7-Settings.png, id=2479, 3452.9pt x 1704.3675pt>
File: ./images/CH7-F7-Settings.png Graphic file (type png)

<use ./images/CH7-F7-Settings.png> [111] [112 <./images/CH7-F7-Settings.png>]
<./images/CH7-F5-Demographics.png, id=2493, 692.5875pt x 265.99374pt>
File: ./images/CH7-F5-Demographics.png Graphic file (type png)

<use ./images/CH7-F5-Demographics.png>
<./images/CH7-F8-Activities.png, id=2495, 1046.91125pt x 248.93pt>
File: ./images/CH7-F8-Activities.png Graphic file (type png)

<use ./images/CH7-F8-Activities.png> [113 <./images/CH7-F5-Demographics.png>]
[114 <./images/CH7-F8-Activities.png>]
<./images/CH7-F12-E2.png, id=2509, 1067.99pt x 751.80875pt>
File: ./images/CH7-F12-E2.png Graphic file (type png)

<use ./images/CH7-F12-E2.png>
<./images/CH7-F12-E1.png, id=2510, 1050.92625pt x 751.80875pt>
File: ./images/CH7-F12-E1.png Graphic file (type png)

<use ./images/CH7-F12-E1.png> [115 <./images/CH7-F12-E2.png> <./images/CH7-F12-
E1.png>] [116] [117]
<./images/CH7-F1-Chart.png, id=2535, 689.57625pt x 281.05pt>
File: ./images/CH7-F1-Chart.png Graphic file (type png)

<use ./images/CH7-F1-Chart.png>
<./images/CH7-F6-Groups.png, id=2537, 496.85625pt x 359.3425pt>
File: ./images/CH7-F6-Groups.png Graphic file (type png)

<use ./images/CH7-F6-Groups.png> [118 <./images/CH7-F1-Chart.png> <./images/CH7
-F6-Groups.png>]
<./images/CH7-F2-Chart-GA.png, id=2544, 577.15625pt x 226.8475pt>
File: ./images/CH7-F2-Chart-GA.png Graphic file (type png)

<use ./images/CH7-F2-Chart-GA.png>
<./images/CH7-F3-Chart-GB.png, id=2545, 580.1675pt x 231.86626pt>
File: ./images/CH7-F3-Chart-GB.png Graphic file (type png)

<use ./images/CH7-F3-Chart-GB.png>
<./images/CH7-F4-Chart-GC.png, id=2547, 578.16pt x 227.85126pt>
File: ./images/CH7-F4-Chart-GC.png Graphic file (type png)

<use ./images/CH7-F4-Chart-GC.png> [119 <./images/CH7-F2-Chart-GA.png> <./image
s/CH7-F3-Chart-GB.png>]
<./images/CH7-F10-ExampleStud1.png, id=2558, 332.24126pt x 280.04625pt>
File: ./images/CH7-F10-ExampleStud1.png Graphic file (type png)

<use ./images/CH7-F10-ExampleStud1.png>
<./images/CH7-F10-ExampleStud2.png, id=2559, 337.26pt x 283.0575pt>
File: ./images/CH7-F10-ExampleStud2.png Graphic file (type png)

<use ./images/CH7-F10-ExampleStud2.png> [120 <./images/CH7-F4-Chart-GC.png>]
<./images/CH7-F10-ExampleStud3.png, id=2567, 613.29124pt x 369.38pt>
File: ./images/CH7-F10-ExampleStud3.png Graphic file (type png)

<use ./images/CH7-F10-ExampleStud3.png>
Underfull \vbox (badness 10000) has occurred while \output is active []

 [121 <./images/CH7-F10-ExampleStud1.png> <./images/CH7-F10-ExampleStud2.png> <
./images/CH7-F10-ExampleStud3.png>] [122]
Overfull \hbox (8.48425pt too wide) in paragraph at lines 923--923
[][]\OT1/cmr/m/it/10.95 To in-ves-ti-gate how new fea-tures can help stu-dents 
track their learn-ing progress,
 []


Overfull \hbox (14.73677pt too wide) in paragraph at lines 923--923
\OT1/cmr/m/it/10.95 man-age ePort-fo-lio knowl-edge and con-tent, demon-strate 
and share their achieve-
 []

[123] [124]
Underfull \hbox (badness 10000) in paragraph at lines 998--998
[]|[]\OT1/cmr/m/n/10 Self-rated ePort-fo-
 []


Underfull \hbox (badness 10000) in paragraph at lines 998--998
\OT1/cmr/m/n/10 lio use ex-pe-ri-ence
 []


Overfull \hbox (14.22638pt too wide) in paragraph at lines 999--999
[]|[]| 
 []


Overfull \hbox (14.22638pt too wide) in paragraph at lines 1002--1002
[]|[]| 
 []


Overfull \hbox (1.91475pt too wide) in paragraph at lines 987--1010
 [][] 
 []

[125] [126] [127] [128]
<./images/CH7-F9-Example1.png, id=2638, 738.76pt x 738.76pt>
File: ./images/CH7-F9-Example1.png Graphic file (type png)

<use ./images/CH7-F9-Example1.png> [129]
Underfull \vbox (badness 10000) has occurred while \output is active []

 [130 <./images/CH7-F9-Example1.png>] [131]
<./images/CH7-F11-Example3.png, id=2656, 961.5925pt x 169.63374pt>
File: ./images/CH7-F11-Example3.png Graphic file (type png)

<use ./images/CH7-F11-Example3.png>
Overfull \hbox (1.0pt too wide) in paragraph at lines 1318--1319
 [][][] 
 []

[132 <./images/CH7-F11-Example3.png>] [133] [134] [135] [136]) [137]
\openout2 = `CH8-Discussion.aux'.


(./CH8-Discussion.tex [138



]
Chapter 8.
[139] [140] [141]
Underfull \vbox (badness 3471) has occurred while \output is active []

 [142]
Underfull \vbox (badness 10000) has occurred while \output is active []

 [143]
[144]
Underfull \vbox (badness 1642) has occurred while \output is active []

 [145])
[146] [147]
\openout2 = `CH9-Conclusion.aux'.

 (./CH9-Conclusion.tex [148



]
Chapter 9.
[149] [150]
Underfull \vbox (badness 10000) has occurred while \output is active []

 [151]
[152] [153] [154]) [155] [156


] (./thesis.bbl
Underfull \hbox (badness 1221) in paragraph at lines 9--14
[][]\OT1/cmr/bx/n/10.95 AAEEBL \OT1/cmr/m/n/10.95 (\OT1/cmr/bx/n/10.95 2011\OT1
/cmr/m/n/10.95 a).   De-sire2Learn Re-sources for Ex-plor-ing Eport-fo-lio Tech
-
 []


Underfull \hbox (badness 1515) in paragraph at lines 9--14
\OT1/cmr/m/n/10.95 nolo-gies We-bi-nar. Re-trieved Oc-to-ber 10, 2011, from []$
\OT1/cmtt/m/n/10.95 http : / / www . aaeebl . org /
 []


Underfull \hbox (badness 2103) in paragraph at lines 16--21
[][]\OT1/cmr/bx/n/10.95 AAEEBL \OT1/cmr/m/n/10.95 (\OT1/cmr/bx/n/10.95 2011\OT1
/cmr/m/n/10.95 b).   eFo-lioWorld Re-source for Ex-plor-ing Eport-fo-lio Tech-
 []

Missing character: There is no â in font cmr10!
Missing character: There is no € in font cmr10!
Missing character: There is no “ in font cmr10!
[157

]
Underfull \hbox (badness 10000) in paragraph at lines 97--102
[]$\OT1/cmtt/m/n/10.95 http : / / www . blackboard . com / About-[]Bb / Media-[
]Center / Press-[]Releases / Archive .
 []

[158] [159] [160] [161]
Underfull \hbox (badness 10000) in paragraph at lines 450--456
\OT1/cmtt/m/n/10.95 / / www . jisc . ac . uk / media / documents / programmes /
 institutionalinnovation /
 []

[162]
Missing character: There is no â in font cmti10!
Missing character: There is no € in font cmti10!
Missing character: There is no “ in font cmti10!
 [163]
Underfull \hbox (badness 2229) in paragraph at lines 598--604
[][]\OT1/cmr/bx/n/10.95 HERDSA \OT1/cmr/m/n/10.95 (\OT1/cmr/bx/n/10.95 2012\OT1
/cmr/m/n/10.95 ).   HERDSA Grad-u-ate At-tributes Sym-po-sium 2012. Re-
 []

[164]
Missing character: There is no â in font cmr10!
Missing character: There is no € in font cmr10!
Missing character: There is no “ in font cmr10!

Underfull \hbox (badness 2772) in paragraph at lines 675--680
[][]\OT1/cmr/bx/n/10.95 Ioannidis, J. P. a. \OT1/cmr/m/n/10.95 (\OT1/cmr/bx/n/1
0.95 2007\OT1/cmr/m/n/10.95 ).  Lim-i-ta-tions are not prop-erly ac-knowl-edged

 []


Underfull \hbox (badness 2318) in paragraph at lines 675--680
\OT1/cmr/m/n/10.95 in the sci-en-tific lit-er-a-ture.  \OT1/cmr/m/it/10.95 Jour
-nal of clin-i-cal epi-demi-ol-ogy\OT1/cmr/m/n/10.95 , 60(4): 324--9.
 []


Underfull \hbox (badness 3668) in paragraph at lines 706--711
[][]\OT1/cmr/bx/n/10.95 Jones, C. \OT1/cmr/m/n/10.95 (\OT1/cmr/bx/n/10.95 2010\
OT1/cmr/m/n/10.95 ).  A new gen-er-a-tion of learn-ers? The Net Gen-er-a-
 []


Underfull \hbox (badness 2343) in paragraph at lines 706--711
\OT1/cmr/m/n/10.95 tion and Dig-i-tal Na-tives.  \OT1/cmr/m/it/10.95 Learn-ing,
 Me-dia and Tech-nol-ogy\OT1/cmr/m/n/10.95 , 35(4): 37--41.
 []

[165] [166] [167] [168]
Underfull \hbox (badness 5607) in paragraph at lines 969--974
\OT1/cmr/m/n/10.95 Re-trieved March 15, 2012, from []$\OT1/cmtt/m/n/10.95 http 
: / / www . minedu . govt . nz / NZEducation /
 []


Underfull \hbox (badness 10000) in paragraph at lines 969--974
\OT1/cmtt/m/n/10.95 EducationPolicies / Schools / Initiatives / ManagedLearning
Environments /
 []

Missing character: There is no â in font cmr10!
Missing character: There is no € in font cmr10!
Missing character: There is no “ in font cmr10!
[169] [170] [171] [172] [173]
Underfull \hbox (badness 3428) in paragraph at lines 1352--1357
[][]\OT1/cmr/bx/n/10.95 Zhan, Z. \OT1/cmr/m/n/10.95 (\OT1/cmr/bx/n/10.95 2010\O
T1/cmr/m/n/10.95 ).  Feel-ing the Sense of Com-mu-nity in So-cial Net-work-
 []

) [174]
\openout2 = `A1.aux'.

 (./A1.tex
Appendix A.
[175


]
<appendix/Low-Risk-Notification-2009.pdf, id=3076, page=1, 598.235pt x 845.1575
pt>
File: appendix/Low-Risk-Notification-2009.pdf Graphic file (type pdf)
 <use appendix/Low-Risk-Notification-2009.pdf, page 1>
File: appendix/Low-Risk-Notification-2009.pdf Graphic file (type pdf)

<use appendix/Low-Risk-Notification-2009.pdf, page 1>
File: appendix/Low-Risk-Notification-2009.pdf Graphic file (type pdf)

<use appendix/Low-Risk-Notification-2009.pdf, page 1>
File: appendix/Low-Risk-Notification-2009.pdf Graphic file (type pdf)

<use appendix/Low-Risk-Notification-2009.pdf, page 1>
File: appendix/Low-Risk-Notification-2009.pdf Graphic file (type pdf)

<use appendix/Low-Risk-Notification-2009.pdf, page 1> [176 <./appendix/Low-Risk
-Notification-2009.pdf, page is rotated 90 degrees>]
<appendix/Lecturer_sheet_1.pdf, id=3085, page=1, 598.235pt x 845.1575pt>
File: appendix/Lecturer_sheet_1.pdf Graphic file (type pdf)

<use appendix/Lecturer_sheet_1.pdf, page 1>
File: appendix/Lecturer_sheet_1.pdf Graphic file (type pdf)

<use appendix/Lecturer_sheet_1.pdf, page 1>
File: appendix/Lecturer_sheet_1.pdf Graphic file (type pdf)

<use appendix/Lecturer_sheet_1.pdf, page 1>
File: appendix/Lecturer_sheet_1.pdf Graphic file (type pdf)

<use appendix/Lecturer_sheet_1.pdf, page 1>
File: appendix/Lecturer_sheet_1.pdf Graphic file (type pdf)

<use appendix/Lecturer_sheet_1.pdf, page 1> [177 <./appendix/Lecturer_sheet_1.p
df, page is rotated 90 degrees>]
<appendix/Lecturer_sheet_2.pdf, id=3095, page=1, 598.235pt x 845.1575pt>
File: appendix/Lecturer_sheet_2.pdf Graphic file (type pdf)

<use appendix/Lecturer_sheet_2.pdf, page 1>
File: appendix/Lecturer_sheet_2.pdf Graphic file (type pdf)

<use appendix/Lecturer_sheet_2.pdf, page 1>
File: appendix/Lecturer_sheet_2.pdf Graphic file (type pdf)

<use appendix/Lecturer_sheet_2.pdf, page 1>
File: appendix/Lecturer_sheet_2.pdf Graphic file (type pdf)

<use appendix/Lecturer_sheet_2.pdf, page 1>
File: appendix/Lecturer_sheet_2.pdf Graphic file (type pdf)

<use appendix/Lecturer_sheet_2.pdf, page 1> [178 <./appendix/Lecturer_sheet_2.p
df, page is rotated 90 degrees>]
<appendix/Student_sheet_1.pdf, id=3104, page=1, 598.235pt x 845.1575pt>
File: appendix/Student_sheet_1.pdf Graphic file (type pdf)

<use appendix/Student_sheet_1.pdf, page 1>
File: appendix/Student_sheet_1.pdf Graphic file (type pdf)

<use appendix/Student_sheet_1.pdf, page 1>
File: appendix/Student_sheet_1.pdf Graphic file (type pdf)

<use appendix/Student_sheet_1.pdf, page 1>
File: appendix/Student_sheet_1.pdf Graphic file (type pdf)

<use appendix/Student_sheet_1.pdf, page 1>
File: appendix/Student_sheet_1.pdf Graphic file (type pdf)

<use appendix/Student_sheet_1.pdf, page 1> [179 <./appendix/Student_sheet_1.pdf
, page is rotated 90 degrees>]
<appendix/Student_sheet_2.pdf, id=3113, page=1, 598.235pt x 845.1575pt>
File: appendix/Student_sheet_2.pdf Graphic file (type pdf)

<use appendix/Student_sheet_2.pdf, page 1>
File: appendix/Student_sheet_2.pdf Graphic file (type pdf)

<use appendix/Student_sheet_2.pdf, page 1>
File: appendix/Student_sheet_2.pdf Graphic file (type pdf)

<use appendix/Student_sheet_2.pdf, page 1>
File: appendix/Student_sheet_2.pdf Graphic file (type pdf)

<use appendix/Student_sheet_2.pdf, page 1>
File: appendix/Student_sheet_2.pdf Graphic file (type pdf)

<use appendix/Student_sheet_2.pdf, page 1> [180 <./appendix/Student_sheet_2.pdf
, page is rotated 90 degrees>]
<appendix/Consent_form.pdf, id=3122, page=1, 598.235pt x 845.1575pt>
File: appendix/Consent_form.pdf Graphic file (type pdf)

<use appendix/Consent_form.pdf, page 1>
File: appendix/Consent_form.pdf Graphic file (type pdf)

<use appendix/Consent_form.pdf, page 1>
File: appendix/Consent_form.pdf Graphic file (type pdf)

<use appendix/Consent_form.pdf, page 1>
File: appendix/Consent_form.pdf Graphic file (type pdf)

<use appendix/Consent_form.pdf, page 1>
File: appendix/Consent_form.pdf Graphic file (type pdf)

<use appendix/Consent_form.pdf, page 1> [181 <./appendix/Consent_form.pdf, page
 is rotated 90 degrees>])
\openout2 = `A2.aux'.

 (./A2.tex [182



]
Appendix B.
[183] <appendix/Scenarios_L.pdf, id=3141, page=1, 597.23125pt x 845.1575pt>
File: appendix/Scenarios_L.pdf Graphic file (type pdf)

<use appendix/Scenarios_L.pdf, page 1>
File: appendix/Scenarios_L.pdf Graphic file (type pdf)
 <use appendix/Scenarios_L.pdf, page 1>
File: appendix/Scenarios_L.pdf Graphic file (type pdf)

<use appendix/Scenarios_L.pdf, page 1>
File: appendix/Scenarios_L.pdf Graphic file (type pdf)
 <use appendix/Scenarios_L.pdf, page 1>
File: appendix/Scenarios_L.pdf Graphic file (type pdf)

<use appendix/Scenarios_L.pdf, page 1> [184 <./appendix/Scenarios_L.pdf>]
<appendix/Scenarios_L.pdf, id=3230, page=2, 597.23125pt x 845.1575pt>
File: appendix/Scenarios_L.pdf Graphic file (type pdf)

<use appendix/Scenarios_L.pdf, page 2>
File: appendix/Scenarios_L.pdf Graphic file (type pdf)
 <use appendix/Scenarios_L.pdf, page 2>
File: appendix/Scenarios_L.pdf Graphic file (type pdf)

<use appendix/Scenarios_L.pdf, page 2>
File: appendix/Scenarios_L.pdf Graphic file (type pdf)
 <use appendix/Scenarios_L.pdf, page 2>
File: appendix/Scenarios_L.pdf Graphic file (type pdf)

<use appendix/Scenarios_L.pdf, page 2> [185 <./appendix/Scenarios_L.pdf>]
<appendix/Scenarios_L.pdf, id=3316, page=3, 597.23125pt x 845.1575pt>
File: appendix/Scenarios_L.pdf Graphic file (type pdf)

<use appendix/Scenarios_L.pdf, page 3>
File: appendix/Scenarios_L.pdf Graphic file (type pdf)
 <use appendix/Scenarios_L.pdf, page 3>
File: appendix/Scenarios_L.pdf Graphic file (type pdf)

<use appendix/Scenarios_L.pdf, page 3>
File: appendix/Scenarios_L.pdf Graphic file (type pdf)
 <use appendix/Scenarios_L.pdf, page 3>
File: appendix/Scenarios_L.pdf Graphic file (type pdf)

<use appendix/Scenarios_L.pdf, page 3> [186 <./appendix/Scenarios_L.pdf>]
<appendix/Scenarios_L.pdf, id=3394, page=4, 597.23125pt x 845.1575pt>
File: appendix/Scenarios_L.pdf Graphic file (type pdf)

<use appendix/Scenarios_L.pdf, page 4>
File: appendix/Scenarios_L.pdf Graphic file (type pdf)
 <use appendix/Scenarios_L.pdf, page 4>
File: appendix/Scenarios_L.pdf Graphic file (type pdf)

<use appendix/Scenarios_L.pdf, page 4>
File: appendix/Scenarios_L.pdf Graphic file (type pdf)
 <use appendix/Scenarios_L.pdf, page 4>
File: appendix/Scenarios_L.pdf Graphic file (type pdf)

<use appendix/Scenarios_L.pdf, page 4> [187 <./appendix/Scenarios_L.pdf>]
[188] <appendix/Scenarios_S.pdf, id=3488, page=1, 597.23125pt x 845.1575pt>
File: appendix/Scenarios_S.pdf Graphic file (type pdf)

<use appendix/Scenarios_S.pdf, page 1>
File: appendix/Scenarios_S.pdf Graphic file (type pdf)
 <use appendix/Scenarios_S.pdf, page 1>
File: appendix/Scenarios_S.pdf Graphic file (type pdf)

<use appendix/Scenarios_S.pdf, page 1>
File: appendix/Scenarios_S.pdf Graphic file (type pdf)
 <use appendix/Scenarios_S.pdf, page 1>
File: appendix/Scenarios_S.pdf Graphic file (type pdf)

<use appendix/Scenarios_S.pdf, page 1> [189 <./appendix/Scenarios_S.pdf, page i
s rotated 270 degrees>]
<appendix/Scenarios_S.pdf, id=3498, page=2, 597.23125pt x 845.1575pt>
File: appendix/Scenarios_S.pdf Graphic file (type pdf)

<use appendix/Scenarios_S.pdf, page 2>
File: appendix/Scenarios_S.pdf Graphic file (type pdf)
 <use appendix/Scenarios_S.pdf, page 2>
File: appendix/Scenarios_S.pdf Graphic file (type pdf)

<use appendix/Scenarios_S.pdf, page 2>
File: appendix/Scenarios_S.pdf Graphic file (type pdf)
 <use appendix/Scenarios_S.pdf, page 2>
File: appendix/Scenarios_S.pdf Graphic file (type pdf)

<use appendix/Scenarios_S.pdf, page 2> [190 <./appendix/Scenarios_S.pdf, page i
s rotated 270 degrees>]
<appendix/Scenarios_S.pdf, id=3506, page=3, 597.23125pt x 845.1575pt>
File: appendix/Scenarios_S.pdf Graphic file (type pdf)

<use appendix/Scenarios_S.pdf, page 3>
File: appendix/Scenarios_S.pdf Graphic file (type pdf)
 <use appendix/Scenarios_S.pdf, page 3>
File: appendix/Scenarios_S.pdf Graphic file (type pdf)

<use appendix/Scenarios_S.pdf, page 3>
File: appendix/Scenarios_S.pdf Graphic file (type pdf)
 <use appendix/Scenarios_S.pdf, page 3>
File: appendix/Scenarios_S.pdf Graphic file (type pdf)

<use appendix/Scenarios_S.pdf, page 3> [191 <./appendix/Scenarios_S.pdf, page i
s rotated 270 degrees>]
<appendix/Scenarios_S.pdf, id=3514, page=4, 597.23125pt x 845.1575pt>
File: appendix/Scenarios_S.pdf Graphic file (type pdf)

<use appendix/Scenarios_S.pdf, page 4>
File: appendix/Scenarios_S.pdf Graphic file (type pdf)
 <use appendix/Scenarios_S.pdf, page 4>
File: appendix/Scenarios_S.pdf Graphic file (type pdf)

<use appendix/Scenarios_S.pdf, page 4>
File: appendix/Scenarios_S.pdf Graphic file (type pdf)
 <use appendix/Scenarios_S.pdf, page 4>
File: appendix/Scenarios_S.pdf Graphic file (type pdf)

<use appendix/Scenarios_S.pdf, page 4> [192 <./appendix/Scenarios_S.pdf, page i
s rotated 270 degrees>]
<appendix/Scenarios_S.pdf, id=3522, page=5, 597.23125pt x 845.1575pt>
File: appendix/Scenarios_S.pdf Graphic file (type pdf)

<use appendix/Scenarios_S.pdf, page 5>
File: appendix/Scenarios_S.pdf Graphic file (type pdf)
 <use appendix/Scenarios_S.pdf, page 5>
File: appendix/Scenarios_S.pdf Graphic file (type pdf)

<use appendix/Scenarios_S.pdf, page 5>
File: appendix/Scenarios_S.pdf Graphic file (type pdf)
 <use appendix/Scenarios_S.pdf, page 5>
File: appendix/Scenarios_S.pdf Graphic file (type pdf)

<use appendix/Scenarios_S.pdf, page 5> [193 <./appendix/Scenarios_S.pdf, page i
s rotated 270 degrees>]) [194]
\openout2 = `A3.aux'.

 (./A3.tex
Appendix C.
[195



] [196] [197] [198] [199] [200] [201]) [202]
\openout2 = `A4.aux'.

 (./A4.tex
Appendix D.
<./images/AD-F1-V1.png, id=3576, 725.71124pt x 415.5525pt>
File: ./images/AD-F1-V1.png Graphic file (type png)

<use ./images/AD-F1-V1.png>
<./images/AD-F1-V3.png, id=3577, 500.87125pt x 106.3975pt>
File: ./images/AD-F1-V3.png Graphic file (type png)

<use ./images/AD-F1-V3.png>
<./images/AD-F1-V2.png, id=3578, 570.13pt x 209.78375pt>
File: ./images/AD-F1-V2.png Graphic file (type png)

<use ./images/AD-F1-V2.png>
<./images/AD-F2-Cmap1.png, id=3579, 719.68875pt x 666.49pt>
File: ./images/AD-F2-Cmap1.png Graphic file (type png)

<use ./images/AD-F2-Cmap1.png> [203



 <./images/AD-F1-V1.png> <./images/AD-F1-V3.png>] <./images/AD-F2-Cmap2.png, id
=3586, 712.6625pt x 763.85374pt>
File: ./images/AD-F2-Cmap2.png Graphic file (type png)

<use ./images/AD-F2-Cmap2.png>
<./images/AD-F2-Cmap3.png, id=3587, 715.67375pt x 761.84625pt>
File: ./images/AD-F2-Cmap3.png Graphic file (type png)

<use ./images/AD-F2-Cmap3.png>
<./images/AD-F2-Cmap4.png, id=3588, 717.68124pt x 761.84625pt>
File: ./images/AD-F2-Cmap4.png Graphic file (type png)

<use ./images/AD-F2-Cmap4.png>
<./images/AD-F2-Cmap5.png, id=3589, 722.7pt x 641.39626pt>
File: ./images/AD-F2-Cmap5.png Graphic file (type png)

<use ./images/AD-F2-Cmap5.png> [204 <./images/AD-F1-V2.png> <./images/AD-F2-Cma
p1.png>] [205 <./images/AD-F2-Cmap2.png>] [206 <./images/AD-F2-Cmap3.png>]
[207 <./images/AD-F2-Cmap4.png>] [208 <./images/AD-F2-Cmap5.png>]
<./images/AD-F3-Fragment.png, id=3617, 880.28876pt x 1148.29pt>
File: ./images/AD-F3-Fragment.png Graphic file (type png)

<use ./images/AD-F3-Fragment.png>
<./images/AD-F3-Image.png, id=3618, 588.1975pt x 388.45125pt>
File: ./images/AD-F3-Image.png Graphic file (type png)

<use ./images/AD-F3-Image.png>
<./images/AD-F3-Video.png, id=3619, 417.56pt x 347.2975pt>
File: ./images/AD-F3-Video.png Graphic file (type png)

<use ./images/AD-F3-Video.png>
<./images/AD-F3-Text.png, id=3620, 668.4975pt x 340.27126pt>
File: ./images/AD-F3-Text.png Graphic file (type png)

<use ./images/AD-F3-Text.png>
<./images/AD-F3-Bookmark.png, id=3621, 848.16875pt x 644.4075pt>
File: ./images/AD-F3-Bookmark.png Graphic file (type png)

<use ./images/AD-F3-Bookmark.png> [209

 <./images/AD-F3-Fragment.png>] [210 <./images/AD-F3-Image.png> <./images/AD-F3
-Video.png>] [211 <./images/AD-F3-Text.png> <./images/AD-F3-Bookmark.png>]
<./images/AD-F4-Timeline1.png, id=3639, 784.9325pt x 594.22pt>
File: ./images/AD-F4-Timeline1.png Graphic file (type png)

<use ./images/AD-F4-Timeline1.png>
<./images/AD-F4-Timeline2.png, id=3640, 778.91pt x 593.21625pt>
File: ./images/AD-F4-Timeline2.png Graphic file (type png)

<use ./images/AD-F4-Timeline2.png>
<./images/AD-F4-Timeline3.png, id=3641, 713.66624pt x 577.15625pt>
File: ./images/AD-F4-Timeline3.png Graphic file (type png)

<use ./images/AD-F4-Timeline3.png>
<./images/AD-F4-Timeline4.png, id=3642, 757.83125pt x 413.545pt>
File: ./images/AD-F4-Timeline4.png Graphic file (type png)

<use ./images/AD-F4-Timeline4.png> [212

 <./images/AD-F4-Timeline1.png>]
[213 <./images/AD-F4-Timeline2.png>] [214 <./images/AD-F4-Timeline3.png> <./ima
ges/AD-F4-Timeline4.png>]
<./images/AD-F5-History.png, id=3660, 716.6775pt x 312.16624pt>
File: ./images/AD-F5-History.png Graphic file (type png)

<use ./images/AD-F5-History.png>) [215

 <./images/AD-F5-History.png>]
\openout2 = `A5.aux'.

 (./A5.tex
[216



]
Appendix E.
[217]
<appendix/Low-Risk-Notification-2011.pdf, id=3677, page=1, 598.235pt x 845.1575
pt>
File: appendix/Low-Risk-Notification-2011.pdf Graphic file (type pdf)
 <use appendix/Low-Risk-Notification-2011.pdf, page 1>
File: appendix/Low-Risk-Notification-2011.pdf Graphic file (type pdf)

<use appendix/Low-Risk-Notification-2011.pdf, page 1>
File: appendix/Low-Risk-Notification-2011.pdf Graphic file (type pdf)

<use appendix/Low-Risk-Notification-2011.pdf, page 1>
File: appendix/Low-Risk-Notification-2011.pdf Graphic file (type pdf)

<use appendix/Low-Risk-Notification-2011.pdf, page 1>
File: appendix/Low-Risk-Notification-2011.pdf Graphic file (type pdf)

<use appendix/Low-Risk-Notification-2011.pdf, page 1> [218 <./appendix/Low-Risk
-Notification-2011.pdf, page is rotated 90 degrees>]
<appendix/Information_sheet_p_2011.pdf, id=3688, page=1, 597.23125pt x 845.1575
pt>
File: appendix/Information_sheet_p_2011.pdf Graphic file (type pdf)
 <use appendix/Information_sheet_p_2011.pdf, page 1>
File: appendix/Information_sheet_p_2011.pdf Graphic file (type pdf)

<use appendix/Information_sheet_p_2011.pdf, page 1>
File: appendix/Information_sheet_p_2011.pdf Graphic file (type pdf)

<use appendix/Information_sheet_p_2011.pdf, page 1>
File: appendix/Information_sheet_p_2011.pdf Graphic file (type pdf)

<use appendix/Information_sheet_p_2011.pdf, page 1>
File: appendix/Information_sheet_p_2011.pdf Graphic file (type pdf)

<use appendix/Information_sheet_p_2011.pdf, page 1> [219 <./appendix/Informatio
n_sheet_p_2011.pdf>]
<appendix/Information_sheet_p_2011.pdf, id=3719, page=2, 597.23125pt x 845.1575
pt>
File: appendix/Information_sheet_p_2011.pdf Graphic file (type pdf)
 <use appendix/Information_sheet_p_2011.pdf, page 2>
File: appendix/Information_sheet_p_2011.pdf Graphic file (type pdf)

<use appendix/Information_sheet_p_2011.pdf, page 2>
File: appendix/Information_sheet_p_2011.pdf Graphic file (type pdf)

<use appendix/Information_sheet_p_2011.pdf, page 2>
File: appendix/Information_sheet_p_2011.pdf Graphic file (type pdf)

<use appendix/Information_sheet_p_2011.pdf, page 2>
File: appendix/Information_sheet_p_2011.pdf Graphic file (type pdf)

<use appendix/Information_sheet_p_2011.pdf, page 2> [220 <./appendix/Informatio
n_sheet_p_2011.pdf>]
<appendix/Information_sheet_u_2011.pdf, id=3729, page=1, 597.23125pt x 845.1575
pt>
File: appendix/Information_sheet_u_2011.pdf Graphic file (type pdf)
 <use appendix/Information_sheet_u_2011.pdf, page 1>
File: appendix/Information_sheet_u_2011.pdf Graphic file (type pdf)

<use appendix/Information_sheet_u_2011.pdf, page 1>
File: appendix/Information_sheet_u_2011.pdf Graphic file (type pdf)

<use appendix/Information_sheet_u_2011.pdf, page 1>
File: appendix/Information_sheet_u_2011.pdf Graphic file (type pdf)

<use appendix/Information_sheet_u_2011.pdf, page 1>
Overfull \hbox (1.64958pt too wide) in paragraph at lines 22--22
[]\OT1/cmr/bx/n/14.4 Information Sheet for Group Ex-per-i-ment Par-tic-i-pants 

 []

File: appendix/Information_sheet_u_2011.pdf Graphic file (type pdf)
<use appendix/Information_sheet_u_2011.pdf, page 1> [221 <./appendix/Informatio
n_sheet_u_2011.pdf>]
<appendix/Information_sheet_u_2011.pdf, id=3763, page=2, 597.23125pt x 845.1575
pt>
File: appendix/Information_sheet_u_2011.pdf Graphic file (type pdf)
 <use appendix/Information_sheet_u_2011.pdf, page 2>
File: appendix/Information_sheet_u_2011.pdf Graphic file (type pdf)

<use appendix/Information_sheet_u_2011.pdf, page 2>
File: appendix/Information_sheet_u_2011.pdf Graphic file (type pdf)

<use appendix/Information_sheet_u_2011.pdf, page 2>
File: appendix/Information_sheet_u_2011.pdf Graphic file (type pdf)

<use appendix/Information_sheet_u_2011.pdf, page 2>
File: appendix/Information_sheet_u_2011.pdf Graphic file (type pdf)

<use appendix/Information_sheet_u_2011.pdf, page 2> [222 <./appendix/Informatio
n_sheet_u_2011.pdf>]
<appendix/Consent_form_2011.pdf, id=3773, page=1, 614.295pt x 794.97pt>
File: appendix/Consent_form_2011.pdf Graphic file (type pdf)

<use appendix/Consent_form_2011.pdf, page 1>
File: appendix/Consent_form_2011.pdf Graphic file (type pdf)

<use appendix/Consent_form_2011.pdf, page 1>
File: appendix/Consent_form_2011.pdf Graphic file (type pdf)

<use appendix/Consent_form_2011.pdf, page 1>
File: appendix/Consent_form_2011.pdf Graphic file (type pdf)

<use appendix/Consent_form_2011.pdf, page 1>
File: appendix/Consent_form_2011.pdf Graphic file (type pdf)

<use appendix/Consent_form_2011.pdf, page 1> [223 <./appendix/Consent_form_2011
.pdf>]
<appendix/Case_study_concent_form.pdf, id=3800, page=1, 614.295pt x 794.97pt>
File: appendix/Case_study_concent_form.pdf Graphic file (type pdf)

<use appendix/Case_study_concent_form.pdf, page 1>
File: appendix/Case_study_concent_form.pdf Graphic file (type pdf)

<use appendix/Case_study_concent_form.pdf, page 1>
File: appendix/Case_study_concent_form.pdf Graphic file (type pdf)

<use appendix/Case_study_concent_form.pdf, page 1>
File: appendix/Case_study_concent_form.pdf Graphic file (type pdf)

<use appendix/Case_study_concent_form.pdf, page 1>
File: appendix/Case_study_concent_form.pdf Graphic file (type pdf)

<use appendix/Case_study_concent_form.pdf, page 1> [224 <./appendix/Case_study_
concent_form.pdf>])
\openout2 = `A6.aux'.

 (./A6.tex
Appendix F.
[225



] <appendix/Poster.pdf, id=3818, page=1, 597.23125pt x 845.1575pt>
File: appendix/Poster.pdf Graphic file (type pdf)

<use appendix/Poster.pdf, page 1>
File: appendix/Poster.pdf Graphic file (type pdf)
 <use appendix/Poster.pdf, page 1>
File: appendix/Poster.pdf Graphic file (type pdf)

<use appendix/Poster.pdf, page 1>
File: appendix/Poster.pdf Graphic file (type pdf)
 <use appendix/Poster.pdf, page 1>
File: appendix/Poster.pdf Graphic file (type pdf)

<use appendix/Poster.pdf, page 1> [226 <./appendix/Poster.pdf>]
<appendix/Group_Study_Protocol.pdf, id=3862, page=1, 614.295pt x 794.97pt>
File: appendix/Group_Study_Protocol.pdf Graphic file (type pdf)

<use appendix/Group_Study_Protocol.pdf, page 1>
File: appendix/Group_Study_Protocol.pdf Graphic file (type pdf)

<use appendix/Group_Study_Protocol.pdf, page 1>
File: appendix/Group_Study_Protocol.pdf Graphic file (type pdf)

<use appendix/Group_Study_Protocol.pdf, page 1>
File: appendix/Group_Study_Protocol.pdf Graphic file (type pdf)

<use appendix/Group_Study_Protocol.pdf, page 1>
File: appendix/Group_Study_Protocol.pdf Graphic file (type pdf)

<use appendix/Group_Study_Protocol.pdf, page 1> [227 <./appendix/Group_Study_Pr
otocol.pdf>]
<appendix/Group_Study_Protocol.pdf, id=3893, page=2, 614.295pt x 794.97pt>
File: appendix/Group_Study_Protocol.pdf Graphic file (type pdf)

<use appendix/Group_Study_Protocol.pdf, page 2>
File: appendix/Group_Study_Protocol.pdf Graphic file (type pdf)

<use appendix/Group_Study_Protocol.pdf, page 2>
File: appendix/Group_Study_Protocol.pdf Graphic file (type pdf)

<use appendix/Group_Study_Protocol.pdf, page 2>
File: appendix/Group_Study_Protocol.pdf Graphic file (type pdf)

<use appendix/Group_Study_Protocol.pdf, page 2>
File: appendix/Group_Study_Protocol.pdf Graphic file (type pdf)

<use appendix/Group_Study_Protocol.pdf, page 2> [228 <./appendix/Group_Study_Pr
otocol.pdf>]
<appendix/Exit_u_Q.pdf, id=3903, page=1, 597.23125pt x 845.1575pt>
File: appendix/Exit_u_Q.pdf Graphic file (type pdf)

<use appendix/Exit_u_Q.pdf, page 1>
File: appendix/Exit_u_Q.pdf Graphic file (type pdf)
 <use appendix/Exit_u_Q.pdf, page 1>
File: appendix/Exit_u_Q.pdf Graphic file (type pdf)

<use appendix/Exit_u_Q.pdf, page 1>
File: appendix/Exit_u_Q.pdf Graphic file (type pdf)
 <use appendix/Exit_u_Q.pdf, page 1>
File: appendix/Exit_u_Q.pdf Graphic file (type pdf)

<use appendix/Exit_u_Q.pdf, page 1> [229 <./appendix/Exit_u_Q.pdf>]
<appendix/Exit_u_Q.pdf, id=3939, page=2, 597.23125pt x 845.1575pt>
File: appendix/Exit_u_Q.pdf Graphic file (type pdf)

<use appendix/Exit_u_Q.pdf, page 2>
File: appendix/Exit_u_Q.pdf Graphic file (type pdf)
 <use appendix/Exit_u_Q.pdf, page 2>
File: appendix/Exit_u_Q.pdf Graphic file (type pdf)

<use appendix/Exit_u_Q.pdf, page 2>
File: appendix/Exit_u_Q.pdf Graphic file (type pdf)
 <use appendix/Exit_u_Q.pdf, page 2>
File: appendix/Exit_u_Q.pdf Graphic file (type pdf)

<use appendix/Exit_u_Q.pdf, page 2> [230 <./appendix/Exit_u_Q.pdf>]
<./images/AF-F1-ExByStudent1.png, id=3945, 357.335pt x 772.8875pt>
File: ./images/AF-F1-ExByStudent1.png Graphic file (type png)

<use ./images/AF-F1-ExByStudent1.png>
<./images/AF-F1-ExByStudent2.png, id=3946, 556.0775pt x 274.02374pt>
File: ./images/AF-F1-ExByStudent2.png Graphic file (type png)

<use ./images/AF-F1-ExByStudent2.png>
<./images/AF-F1-ExByStudent3.png, id=3947, 500.87125pt x 292.09125pt>
File: ./images/AF-F1-ExByStudent3.png Graphic file (type png)

<use ./images/AF-F1-ExByStudent3.png>
<./images/AF-F1-ExByStudent4.png, id=3948, 370.38374pt x 1049.9225pt>
File: ./images/AF-F1-ExByStudent4.png Graphic file (type png)

<use ./images/AF-F1-ExByStudent4.png>
<./images/AF-F1-ExByStudent5.png, id=3949, 342.27875pt x 777.90625pt>
File: ./images/AF-F1-ExByStudent5.png Graphic file (type png)

<use ./images/AF-F1-ExByStudent5.png>
<./images/AF-F1-ExByStudent6.png, id=3950, 354.32375pt x 729.72626pt>
File: ./images/AF-F1-ExByStudent6.png Graphic file (type png)

<use ./images/AF-F1-ExByStudent6.png> [231 <./images/AF-F1-ExByStudent1.png>]
[232 <./images/AF-F1-ExByStudent2.png> <./images/AF-F1-ExByStudent3.png>]
[233 <./images/AF-F1-ExByStudent4.png>] [234 <./images/AF-F1-ExByStudent5.png>]
[235 <./images/AF-F1-ExByStudent6.png>]
<./images/AF-F1-ExByStudent7.png, id=3978, 340.27126pt x 328.22626pt>
File: ./images/AF-F1-ExByStudent7.png Graphic file (type png)

<use ./images/AF-F1-ExByStudent7.png> [236

 <./images/AF-F1-ExByStudent7.png>]
[237]
Overfull \hbox (5.6855pt too wide) in paragraph at lines 196--197
[][]\OT1/cmr/m/it/10.95 The way you can show how ex-tracur-ric-u-lar ac-tiv-i-t
ies count to-wards your learn-ing achieve-
 []

[238]) [239]
\openout2 = `A7.aux'.

 (./A7.tex [240



]
Appendix G.
[241]
<appendix/Case_Study_Protocol.pdf, id=4007, page=1, 614.295pt x 794.97pt>
File: appendix/Case_Study_Protocol.pdf Graphic file (type pdf)

<use appendix/Case_Study_Protocol.pdf, page 1>
File: appendix/Case_Study_Protocol.pdf Graphic file (type pdf)

<use appendix/Case_Study_Protocol.pdf, page 1>
File: appendix/Case_Study_Protocol.pdf Graphic file (type pdf)

<use appendix/Case_Study_Protocol.pdf, page 1>
File: appendix/Case_Study_Protocol.pdf Graphic file (type pdf)

<use appendix/Case_Study_Protocol.pdf, page 1>
File: appendix/Case_Study_Protocol.pdf Graphic file (type pdf)

<use appendix/Case_Study_Protocol.pdf, page 1> [242 <./appendix/Case_Study_Prot
ocol.pdf>]
<appendix/Case_Study_Protocol.pdf, id=4028, page=2, 614.295pt x 794.97pt>
File: appendix/Case_Study_Protocol.pdf Graphic file (type pdf)

<use appendix/Case_Study_Protocol.pdf, page 2>
File: appendix/Case_Study_Protocol.pdf Graphic file (type pdf)

<use appendix/Case_Study_Protocol.pdf, page 2>
File: appendix/Case_Study_Protocol.pdf Graphic file (type pdf)

<use appendix/Case_Study_Protocol.pdf, page 2>
File: appendix/Case_Study_Protocol.pdf Graphic file (type pdf)

<use appendix/Case_Study_Protocol.pdf, page 2>
File: appendix/Case_Study_Protocol.pdf Graphic file (type pdf)

<use appendix/Case_Study_Protocol.pdf, page 2> [243 <./appendix/Case_Study_Prot
ocol.pdf>] [244]
<appendix/Background-2011.pdf, id=4042, page=1, 597.23125pt x 845.1575pt>
File: appendix/Background-2011.pdf Graphic file (type pdf)

<use appendix/Background-2011.pdf, page 1>
File: appendix/Background-2011.pdf Graphic file (type pdf)

<use appendix/Background-2011.pdf, page 1>
File: appendix/Background-2011.pdf Graphic file (type pdf)

<use appendix/Background-2011.pdf, page 1>
File: appendix/Background-2011.pdf Graphic file (type pdf)

<use appendix/Background-2011.pdf, page 1>
File: appendix/Background-2011.pdf Graphic file (type pdf)

<use appendix/Background-2011.pdf, page 1> [245 <./appendix/Background-2011.pdf
>]) (./thesis.aux (./command-definitions.aux) (./CH1-Introduction.aux)
(./CH2-Methodology.aux) (./CH3-LitRev.aux) (./CH4-SystemStudy.aux)
(./CH5-ConceptualModel.aux) (./CH6-Development.aux) (./CH7-Evaluation.aux)
(./CH8-Discussion.aux) (./CH9-Conclusion.aux) (./A1.aux) (./A2.aux) (./A3.aux)
(./A4.aux) (./A5.aux) (./A6.aux) (./A7.aux)) ) 
Here is how much of TeX's memory you used:
 18858 strings out of 495061
 328594 string characters out of 1182621
 404130 words of memory out of 3000000
 20625 multiletter control sequences out of 15000+50000
 21682 words of font info for 81 fonts, out of 3000000 for 9000
 28 hyphenation exceptions out of 8191
 63i,18n,76p,446b,796s stack positions out of 5000i,500n,10000p,200000b,50000s
</usr/share/texmf-texlive/fonts/t
ype1/public/amsfonts/cm/cmbx10.pfb></usr/share/texmf-texlive/fonts/type1/public
/amsfonts/cm/cmbx12.pfb></usr/share/texmf-texlive/fonts/type1/public/amsfonts/c
m/cmbx8.pfb></usr/share/texmf-texlive/fonts/type1/public/amsfonts/cm/cmbxti10.p
fb></usr/share/texmf-texlive/fonts/type1/public/amsfonts/cm/cmcsc10.pfb></usr/s
hare/texmf-texlive/fonts/type1/public/amsfonts/cm/cmr10.pfb></usr/share/texmf-t
exlive/fonts/type1/public/amsfonts/cm/cmr17.pfb></usr/share/texmf-texlive/fonts
/type1/public/amsfonts/cm/cmr6.pfb></usr/share/texmf-texlive/fonts/type1/public
/amsfonts/cm/cmr7.pfb></usr/share/texmf-texlive/fonts/type1/public/amsfonts/cm/
cmr8.pfb></usr/share/texmf-texlive/fonts/type1/public/amsfonts/cm/cmr9.pfb></us
r/share/texmf-texlive/fonts/type1/public/amsfonts/cm/cmsl10.pfb></usr/share/tex
mf-texlive/fonts/type1/public/amsfonts/cm/cmss10.pfb></usr/share/texmf-texlive/
fonts/type1/public/amsfonts/cm/cmssbx10.pfb></usr/share/texmf-texlive/fonts/typ
e1/public/amsfonts/cm/cmsy10.pfb></usr/share/texmf-texlive/fonts/type1/public/a
msfonts/cm/cmti10.pfb></usr/share/texmf-texlive/fonts/type1/public/amsfonts/cm/
cmti8.pfb></usr/share/texmf-texlive/fonts/type1/public/amsfonts/cm/cmtt10.pfb><
/usr/share/texmf-texlive/fonts/type1/public/amsfonts/cm/cmtt9.pfb>
Output written on thesis.pdf (267 pages, 22462104 bytes).
PDF statistics:
 4302 PDF objects out of 5155 (max. 8388607)
 799 named destinations out of 1000 (max. 500000)
 1954 words of extra memory for PDF output out of 10000 (max. 10000000)

